


materialPath: c:\program files (x86)\steam\steamapps\common\Source SDK Base 2013 Multiplayer\customConfig\materials
Loading C:\Program Files (x86)\Steam\steamapps\common\Zombie Panic Source\zps_dig.vmf
Can't find surfaceprop brick for material BRICK/BRICKFLOOR001A, using default
Could not locate 'GameData' key in c:\program files (x86)\steam\steamapps\common\source sdk base 2013 multiplayer\customconfig\gameinfo.txt
fixing up env_cubemap materials on brush sides...
0...1...2...3...4...5...6...7...8...9...10**** leaked ****
Processing areas...done (0)
Building Faces...done (0)
FixTjuncs...
PruneNodes...
WriteBSP...
done (0)
Creating default LDR cubemaps for env_cubemap using skybox materials:
   skybox/sky_day01_01*.vmt
 ! Run buildcubemaps in the engine to get the correct cube maps.
Creating default HDR cubemaps for env_cubemap using skybox materials:
   skybox/sky_day01_01*.vmt
 ! Run buildcubemaps in the engine to get the correct cube maps.
Finding displacement neighbors...
Finding lightmap sample positions...
Displacement Alpha : 0...1...2...3...4...5...6...7...8...9...10
Building Physics collision data...
done (0) (2281 bytes)
Placing detail props : 0...1...2...3...4...5...6...7...8...9...10
Compacting texture/material tables...
Reduced 9 texinfos to 9
Reduced 1 texdatas to 1 (21 bytes to 21)
Writing C:\Program Files (x86)\Steam\steamapps\common\Zombie Panic Source\zps_dig.bsp
Wrote ZIP buffer, estimated size 105873, actual size 105659
0 seconds elapsed



4 threads
reading c:\program files (x86)\steam\steamapps\common\zombie panic source\zps_dig.bsp
reading c:\program files (x86)\steam\steamapps\common\zombie panic source\zps_dig.prt
LoadPortals: couldn't read c:\program files (x86)\steam\steamapps\common\zombie panic source\zps_dig.prt



Could not find lights.rad in lights.rad.
Trying VRAD BIN directory instead...
Warning: Couldn't open texlight file c:\program files (x86)\steam\steamapps\common\Source SDK Base 2013 Multiplayer\bin\lights.rad.
Loading c:\program files (x86)\steam\steamapps\common\zombie panic source\zps_dig.bsp
No vis information, direct lighting only.
136 faces
57799 square feet [8323072.00 square inches]
0 Displacements
0 Square Feet [0.00 Square Inches]
0 direct lights
0...1...2...3...4...5...6...7...8...9...10Build Patch/Sample Hash Table(s).....Done<0.0013 sec>
0...1...2...3...4...5...6...7...8...9...10FinalLightFace Done
0 of 0 (0% of) surface lights went in leaf ambient cubes.
0...1...2...3...4...5...6...7...8...9...10Writing leaf ambient...done
Ready to Finish

Object names       Objects/Maxobjs  Memory / Maxmem  Fullness 
------------       ---------------  ---------------  -------- 
models                   1/1024           48/49152    ( 0.1%) 
brushes                  6/8192           72/98304    ( 0.1%) 
brushsides              36/65536         288/524288   ( 0.1%) 
planes                  40/65536         800/1310720  ( 0.1%) 
vertexes               125/65536        1500/786432   ( 0.2%) 
nodes                   67/65536        2144/2097152  ( 0.1%) 
texinfos                 9/12288         648/884736   ( 0.1%) 
texdata                  1/2048           32/65536    ( 0.0%) 
dispinfos                0/0               0/0        ( 0.0%) 
disp_verts               0/0               0/0        ( 0.0%) 
disp_tris                0/0               0/0        ( 0.0%) 
disp_lmsamples           0/0               0/0        ( 0.0%) 
faces                  136/65536        7616/3670016  ( 0.2%) 
hdr faces                0/65536           0/3670016  ( 0.0%) 
origfaces               32/65536        1792/3670016  ( 0.0%) 
leaves                  69/65536        2208/2097152  ( 0.1%) 
leaffaces              136/65536         272/131072   ( 0.2%) 
leafbrushes             16/65536          32/131072   ( 0.0%) 
areas                    1/256             8/2048     ( 0.4%) 
surfedges              696/512000       2784/2048000  ( 0.1%) 
edges                  357/256000       1428/1024000  ( 0.1%) 
LDR worldlights          0/8192            0/720896   ( 0.0%) 
HDR worldlights          0/8192            0/720896   ( 0.0%) 
leafwaterdata            0/32768           0/393216   ( 0.0%) 
waterstrips              0/32768           0/327680   ( 0.0%) 
waterverts               0/65536           0/786432   ( 0.0%) 
waterindices             0/65536           0/131072   ( 0.0%) 
cubemapsamples           0/1024            0/16384    ( 0.0%) 
overlays                 0/512             0/180224   ( 0.0%) 
LDR lightdata         [variable]      151168/0        ( 0.0%) 
HDR lightdata         [variable]           0/0        ( 0.0%) 
visdata               [variable]           0/16777216 ( 0.0%) 
entdata               [variable]         238/393216   ( 0.1%) 
LDR ambient table       69/65536         276/262144   ( 0.1%) 
HDR ambient table       69/65536         276/262144   ( 0.1%) 
LDR leaf ambient        52/65536        1456/1835008  ( 0.1%) 
HDR leaf ambient        69/65536        1932/1835008  ( 0.1%) 
occluders                0/0               0/0        ( 0.0%) 
occluder polygons        0/0               0/0        ( 0.0%) 
occluder vert ind        0/0               0/0        ( 0.0%) 
detail props          [variable]           1/12       ( 8.3%) 
static props          [variable]           1/12       ( 8.3%) 
pakfile               [variable]      105659/0        ( 0.0%) 
physics               [variable]        2281/4194304  ( 0.1%) 
physics terrain       [variable]           2/1048576  ( 0.0%) 

Level flags = 0

Total triangle count: 296
Writing c:\program files (x86)\steam\steamapps\common\zombie panic source\zps_dig.bsp
0 seconds elapsed



materialPath: C:\Program Files (x86)\Steam\steamapps\common\Source SDK Base 2013 Multiplayer\customConfig\materials
Loading C:\Program Files (x86)\Steam\steamapps\common\Zombie Panic Source\zps_dig.vmf
Can't find surfaceprop brick for material BRICK/BRICKFLOOR001A, using default
Could not locate 'GameData' key in c:\program files (x86)\steam\steamapps\common\source sdk base 2013 multiplayer\customconfig\gameinfo.txt
fixing up env_cubemap materials on brush sides...
0...1...2...3...4...5...6...7...8...9...10**** leaked ****
Processing areas...done (0)
Building Faces...done (0)
FixTjuncs...
PruneNodes...
WriteBSP...
done (0)
Creating default LDR cubemaps for env_cubemap using skybox materials:
   skybox/sky_day01_01*.vmt
 ! Run buildcubemaps in the engine to get the correct cube maps.
Creating default HDR cubemaps for env_cubemap using skybox materials:
   skybox/sky_day01_01*.vmt
 ! Run buildcubemaps in the engine to get the correct cube maps.
Finding displacement neighbors...
Finding lightmap sample positions...
Displacement Alpha : 0...1...2...3...4...5...6...7...8...9...10
Building Physics collision data...
done (0) (2281 bytes)
Placing detail props : 0...1...2...3...4...5...6...7...8...9...10
Compacting texture/material tables...
Reduced 9 texinfos to 9
Reduced 1 texdatas to 1 (21 bytes to 21)
Writing C:\Program Files (x86)\Steam\steamapps\common\Zombie Panic Source\zps_dig.bsp
Wrote ZIP buffer, estimated size 105873, actual size 105659
0 seconds elapsed



4 threads
reading c:\program files (x86)\steam\steamapps\common\zombie panic source\zps_dig.bsp
reading c:\program files (x86)\steam\steamapps\common\zombie panic source\zps_dig.prt
LoadPortals: couldn't read c:\program files (x86)\steam\steamapps\common\zombie panic source\zps_dig.prt



Could not find lights.rad in lights.rad.
Trying VRAD BIN directory instead...
Warning: Couldn't open texlight file C:\Program Files (x86)\Steam\steamapps\common\Source SDK Base 2013 Multiplayer\bin\lights.rad.
Loading c:\program files (x86)\steam\steamapps\common\zombie panic source\zps_dig.bsp
No vis information, direct lighting only.
136 faces
57799 square feet [8323072.00 square inches]
0 Displacements
0 Square Feet [0.00 Square Inches]
0 direct lights
0...1...2...3...4...5...6...7...8...9...10Build Patch/Sample Hash Table(s).....Done<0.0013 sec>
0...1...2...3...4...5...6...7...8...9...10FinalLightFace Done
0 of 0 (0% of) surface lights went in leaf ambient cubes.
0...1...2...3...4...5...6...7...8...9...10Writing leaf ambient...done
Ready to Finish

Object names       Objects/Maxobjs  Memory / Maxmem  Fullness 
------------       ---------------  ---------------  -------- 
models                   1/1024           48/49152    ( 0.1%) 
brushes                  6/8192           72/98304    ( 0.1%) 
brushsides              36/65536         288/524288   ( 0.1%) 
planes                  40/65536         800/1310720  ( 0.1%) 
vertexes               125/65536        1500/786432   ( 0.2%) 
nodes                   67/65536        2144/2097152  ( 0.1%) 
texinfos                 9/12288         648/884736   ( 0.1%) 
texdata                  1/2048           32/65536    ( 0.0%) 
dispinfos                0/0               0/0        ( 0.0%) 
disp_verts               0/0               0/0        ( 0.0%) 
disp_tris                0/0               0/0        ( 0.0%) 
disp_lmsamples           0/0               0/0        ( 0.0%) 
faces                  136/65536        7616/3670016  ( 0.2%) 
hdr faces                0/65536           0/3670016  ( 0.0%) 
origfaces               32/65536        1792/3670016  ( 0.0%) 
leaves                  69/65536        2208/2097152  ( 0.1%) 
leaffaces              136/65536         272/131072   ( 0.2%) 
leafbrushes             16/65536          32/131072   ( 0.0%) 
areas                    1/256             8/2048     ( 0.4%) 
surfedges              696/512000       2784/2048000  ( 0.1%) 
edges                  357/256000       1428/1024000  ( 0.1%) 
LDR worldlights          0/8192            0/720896   ( 0.0%) 
HDR worldlights          0/8192            0/720896   ( 0.0%) 
leafwaterdata            0/32768           0/393216   ( 0.0%) 
waterstrips              0/32768           0/327680   ( 0.0%) 
waterverts               0/65536           0/786432   ( 0.0%) 
waterindices             0/65536           0/131072   ( 0.0%) 
cubemapsamples           0/1024            0/16384    ( 0.0%) 
overlays                 0/512             0/180224   ( 0.0%) 
LDR lightdata         [variable]      151168/0        ( 0.0%) 
HDR lightdata         [variable]           0/0        ( 0.0%) 
visdata               [variable]           0/16777216 ( 0.0%) 
entdata               [variable]         238/393216   ( 0.1%) 
LDR ambient table       69/65536         276/262144   ( 0.1%) 
HDR ambient table       69/65536         276/262144   ( 0.1%) 
LDR leaf ambient        52/65536        1456/1835008  ( 0.1%) 
HDR leaf ambient        69/65536        1932/1835008  ( 0.1%) 
occluders                0/0               0/0        ( 0.0%) 
occluder polygons        0/0               0/0        ( 0.0%) 
occluder vert ind        0/0               0/0        ( 0.0%) 
detail props          [variable]           1/12       ( 8.3%) 
static props          [variable]           1/12       ( 8.3%) 
pakfile               [variable]      105659/0        ( 0.0%) 
physics               [variable]        2281/4194304  ( 0.1%) 
physics terrain       [variable]           2/1048576  ( 0.0%) 

Level flags = 0

Total triangle count: 296
Writing c:\program files (x86)\steam\steamapps\common\zombie panic source\zps_dig.bsp
0 seconds elapsed



materialPath: C:\Program Files (x86)\Steam\steamapps\common\Source SDK Base 2013 Multiplayer\customConfig\materials
Loading C:\Program Files (x86)\Steam\steamapps\common\Zombie Panic Source\zps_dig.vmf
Can't find surfaceprop brick for material BRICK/BRICKFLOOR001A, using default
Could not locate 'GameData' key in c:\program files (x86)\steam\steamapps\common\source sdk base 2013 multiplayer\customconfig\gameinfo.txt
fixing up env_cubemap materials on brush sides...
0...1...2...3...4...5...6...7...8...9...100...1...2...3...4...5...6...7...8...9...10Processing areas...done (0)
Building Faces...done (0)
FixTjuncs...
PruneNodes...
WriteBSP...
done (0)
writing C:\Program Files (x86)\Steam\steamapps\common\Zombie Panic Source\zps_dig.prt...Building visibility clusters...
done (0)
Creating default LDR cubemaps for env_cubemap using skybox materials:
   skybox/sky_day01_01*.vmt
 ! Run buildcubemaps in the engine to get the correct cube maps.
Creating default HDR cubemaps for env_cubemap using skybox materials:
   skybox/sky_day01_01*.vmt
 ! Run buildcubemaps in the engine to get the correct cube maps.
Finding displacement neighbors...
Finding lightmap sample positions...
Displacement Alpha : 0...1...2...3...4...5...6...7...8...9...10
Building Physics collision data...
done (0) (2281 bytes)
Placing detail props : 0...1...2...3...4...5...6...7...8...9...10
Compacting texture/material tables...
Reduced 9 texinfos to 4
Reduced 1 texdatas to 1 (21 bytes to 21)
Writing C:\Program Files (x86)\Steam\steamapps\common\Zombie Panic Source\zps_dig.bsp
Wrote ZIP buffer, estimated size 105873, actual size 105659
0 seconds elapsed



4 threads
reading c:\program files (x86)\steam\steamapps\common\zombie panic source\zps_dig.bsp
reading c:\program files (x86)\steam\steamapps\common\zombie panic source\zps_dig.prt
   4 portalclusters
   4 numportals
0...1...2...3...4...5...6...7...8...9...100...1...2...3...4...5...6...7...8...9...10Optimized: 0 visible clusters (0.00%)
Total clusters visible: 16
Average clusters visible: 4
Building PAS...
Average clusters audible: 4
visdatasize:44  compressed from 64
writing c:\program files (x86)\steam\steamapps\common\zombie panic source\zps_dig.bsp
0 seconds elapsed



Could not find lights.rad in lights.rad.
Trying VRAD BIN directory instead...
Warning: Couldn't open texlight file C:\Program Files (x86)\Steam\steamapps\common\Source SDK Base 2013 Multiplayer\bin\lights.rad.
Loading c:\program files (x86)\steam\steamapps\common\zombie panic source\zps_dig.bsp
40 faces
24576 square feet [3538944.00 square inches]
0 Displacements
0 Square Feet [0.00 Square Inches]
40 patches before subdivision
2456 patches after subdivision
0 direct lights
0...1...2...3...4...5...6...7...8...9...100...1...2...3...4...5...6...7...8...9...10transfers 256977, max 232
transfer lists:   2.0 megs
0...1...2...3...4...5...6...7...8...9...10	Bounce #1 added RGB(0, 0, 0)
Build Patch/Sample Hash Table(s).....Done<0.0007 sec>
0...1...2...3...4...5...6...7...8...9...10FinalLightFace Done
0 of 0 (0% of) surface lights went in leaf ambient cubes.
0...1...2...3...4...5...6...7...8...9...10Writing leaf ambient...done
Ready to Finish

Object names       Objects/Maxobjs  Memory / Maxmem  Fullness 
------------       ---------------  ---------------  -------- 
models                   1/1024           48/49152    ( 0.1%) 
brushes                  6/8192           72/98304    ( 0.1%) 
brushsides              36/65536         288/524288   ( 0.1%) 
planes                  40/65536         800/1310720  ( 0.1%) 
vertexes                51/65536         612/786432   ( 0.1%) 
nodes                   27/65536         864/2097152  ( 0.0%) 
texinfos                 4/12288         288/884736   ( 0.0%) 
texdata                  1/2048           32/65536    ( 0.0%) 
dispinfos                0/0               0/0        ( 0.0%) 
disp_verts               0/0               0/0        ( 0.0%) 
disp_tris                0/0               0/0        ( 0.0%) 
disp_lmsamples           0/0               0/0        ( 0.0%) 
faces                   40/65536        2240/3670016  ( 0.1%) 
hdr faces                0/65536           0/3670016  ( 0.0%) 
origfaces                6/65536         336/3670016  ( 0.0%) 
leaves                  29/65536         928/2097152  ( 0.0%) 
leaffaces               40/65536          80/131072   ( 0.1%) 
leafbrushes             16/65536          32/131072   ( 0.0%) 
areas                    2/256            16/2048     ( 0.8%) 
surfedges              184/512000        736/2048000  ( 0.0%) 
edges                  101/256000        404/1024000  ( 0.0%) 
LDR worldlights          0/8192            0/720896   ( 0.0%) 
HDR worldlights          0/8192            0/720896   ( 0.0%) 
leafwaterdata            0/32768           0/393216   ( 0.0%) 
waterstrips              0/32768           0/327680   ( 0.0%) 
waterverts               0/65536           0/786432   ( 0.0%) 
waterindices             0/65536           0/131072   ( 0.0%) 
cubemapsamples           0/1024            0/16384    ( 0.0%) 
overlays                 0/512             0/180224   ( 0.0%) 
LDR lightdata         [variable]       62848/0        ( 0.0%) 
HDR lightdata         [variable]           0/0        ( 0.0%) 
visdata               [variable]          44/16777216 ( 0.0%) 
entdata               [variable]        1043/393216   ( 0.3%) 
LDR ambient table       29/65536         116/262144   ( 0.0%) 
HDR ambient table       29/65536         116/262144   ( 0.0%) 
LDR leaf ambient         4/65536         112/1835008  ( 0.0%) 
HDR leaf ambient        29/65536         812/1835008  ( 0.0%) 
occluders                0/0               0/0        ( 0.0%) 
occluder polygons        0/0               0/0        ( 0.0%) 
occluder vert ind        0/0               0/0        ( 0.0%) 
detail props          [variable]           1/12       ( 8.3%) 
static props          [variable]           1/12       ( 8.3%) 
pakfile               [variable]      105659/0        ( 0.0%) 
physics               [variable]        2281/4194304  ( 0.1%) 
physics terrain       [variable]           2/1048576  ( 0.0%) 

Level flags = 0

Total triangle count: 80
Writing c:\program files (x86)\steam\steamapps\common\zombie panic source\zps_dig.bsp
0 seconds elapsed



materialPath: C:\Program Files (x86)\Steam\steamapps\common\Source SDK Base 2013 Multiplayer\customConfig\materials
Loading C:\Program Files (x86)\Steam\steamapps\common\Zombie Panic Source\zps_dig.vmf
Can't find surfaceprop brick for material BRICK/BRICKFLOOR001A, using default
Could not locate 'GameData' key in c:\program files (x86)\steam\steamapps\common\source sdk base 2013 multiplayer\customconfig\gameinfo.txt
fixing up env_cubemap materials on brush sides...
0...1...2...3...4...5...6...7...8...9...100...1...2...3...4...5...6...7...8...9...10Processing areas...done (0)
Building Faces...done (0)
FixTjuncs...
PruneNodes...
WriteBSP...
done (0)
writing C:\Program Files (x86)\Steam\steamapps\common\Zombie Panic Source\zps_dig.prt...Building visibility clusters...
done (0)
Creating default LDR cubemaps for env_cubemap using skybox materials:
   skybox/sky_day01_01*.vmt
 ! Run buildcubemaps in the engine to get the correct cube maps.
Creating default HDR cubemaps for env_cubemap using skybox materials:
   skybox/sky_day01_01*.vmt
 ! Run buildcubemaps in the engine to get the correct cube maps.
Finding displacement neighbors...
Finding lightmap sample positions...
Displacement Alpha : 0...1...2...3...4...5...6...7...8...9...10
Building Physics collision data...
done (0) (5463 bytes)
Placing detail props : 0...1...2...3...4...5...6...7...8...9...10
Compacting texture/material tables...
Reduced 13 texinfos to 6
Reduced 1 texdatas to 1 (21 bytes to 21)
Writing C:\Program Files (x86)\Steam\steamapps\common\Zombie Panic Source\zps_dig.bsp
Wrote ZIP buffer, estimated size 105873, actual size 105659
0 seconds elapsed



4 threads
reading c:\program files (x86)\steam\steamapps\common\zombie panic source\zps_dig.bsp
reading c:\program files (x86)\steam\steamapps\common\zombie panic source\zps_dig.prt
  12 portalclusters
  14 numportals
0...1...2...3...4...5...6...7...8...9...100...1...2...3...4...5...6...7...8...9...10Optimized: 0 visible clusters (0.00%)
Total clusters visible: 80
Average clusters visible: 6
Building PAS...
Average clusters audible: 6
visdatasize:148  compressed from 192
writing c:\program files (x86)\steam\steamapps\common\zombie panic source\zps_dig.bsp
0 seconds elapsed



Could not find lights.rad in lights.rad.
Trying VRAD BIN directory instead...
Warning: Couldn't open texlight file C:\Program Files (x86)\Steam\steamapps\common\Source SDK Base 2013 Multiplayer\bin\lights.rad.
Loading c:\program files (x86)\steam\steamapps\common\zombie panic source\zps_dig.bsp
110 faces
68494 square feet [9863168.00 square inches]
0 Displacements
0 Square Feet [0.00 Square Inches]
110 patches before subdivision
7698 patches after subdivision
0 direct lights
0...1...2...3...4...5...6...7...8...9...100...1...2...3...4...5...6...7...8...9...10transfers 879069, max 288
transfer lists:   6.7 megs
0...1...2...3...4...5...6...7...8...9...10	Bounce #1 added RGB(0, 0, 0)
Build Patch/Sample Hash Table(s).....Done<0.0019 sec>
0...1...2...3...4...5...6...7...8...9...10FinalLightFace Done
0 of 0 (0% of) surface lights went in leaf ambient cubes.
0...1...2...3...4...5...6...7...8...9...10Writing leaf ambient...done
Ready to Finish

Object names       Objects/Maxobjs  Memory / Maxmem  Fullness 
------------       ---------------  ---------------  -------- 
models                   3/1024          144/49152    ( 0.3%) 
brushes                 14/8192          168/98304    ( 0.2%) 
brushsides              84/65536         672/524288   ( 0.1%) 
planes                  88/65536        1760/1310720  ( 0.1%) 
vertexes               135/65536        1620/786432   ( 0.2%) 
nodes                   79/65536        2528/2097152  ( 0.1%) 
texinfos                 6/12288         432/884736   ( 0.0%) 
texdata                  1/2048           32/65536    ( 0.0%) 
dispinfos                0/0               0/0        ( 0.0%) 
disp_verts               0/0               0/0        ( 0.0%) 
disp_tris                0/0               0/0        ( 0.0%) 
disp_lmsamples           0/0               0/0        ( 0.0%) 
faces                  110/65536        6160/3670016  ( 0.2%) 
hdr faces                0/65536           0/3670016  ( 0.0%) 
origfaces               24/65536        1344/3670016  ( 0.0%) 
leaves                  83/65536        2656/2097152  ( 0.1%) 
leaffaces              110/65536         220/131072   ( 0.2%) 
leafbrushes             46/65536          92/131072   ( 0.1%) 
areas                    3/256            24/2048     ( 1.2%) 
surfedges              536/512000       2144/2048000  ( 0.1%) 
edges                  285/256000       1140/1024000  ( 0.1%) 
LDR worldlights          0/8192            0/720896   ( 0.0%) 
HDR worldlights          0/8192            0/720896   ( 0.0%) 
leafwaterdata            0/32768           0/393216   ( 0.0%) 
waterstrips              0/32768           0/327680   ( 0.0%) 
waterverts               0/65536           0/786432   ( 0.0%) 
waterindices             0/65536           0/131072   ( 0.0%) 
cubemapsamples           0/1024            0/16384    ( 0.0%) 
overlays                 0/512             0/180224   ( 0.0%) 
LDR lightdata         [variable]      172880/0        ( 0.0%) 
HDR lightdata         [variable]           0/0        ( 0.0%) 
visdata               [variable]         148/16777216 ( 0.0%) 
entdata               [variable]       15862/393216   ( 4.0%) 
LDR ambient table       83/65536         332/262144   ( 0.1%) 
HDR ambient table       83/65536         332/262144   ( 0.1%) 
LDR leaf ambient        24/65536         672/1835008  ( 0.0%) 
HDR leaf ambient        83/65536        2324/1835008  ( 0.1%) 
occluders                0/0               0/0        ( 0.0%) 
occluder polygons        0/0               0/0        ( 0.0%) 
occluder vert ind        0/0               0/0        ( 0.0%) 
detail props          [variable]           1/12       ( 8.3%) 
static props          [variable]           1/12       ( 8.3%) 
pakfile               [variable]      105659/0        ( 0.0%) 
physics               [variable]        5463/4194304  ( 0.1%) 
physics terrain       [variable]           2/1048576  ( 0.0%) 

Level flags = 0

Total triangle count: 220
Writing c:\program files (x86)\steam\steamapps\common\zombie panic source\zps_dig.bsp
0 seconds elapsed



materialPath: C:\Program Files (x86)\Steam\steamapps\common\Source SDK Base 2013 Multiplayer\customConfig\materials
Loading C:\Program Files (x86)\Steam\steamapps\common\Zombie Panic Source\zps_dig.vmf
Can't find surfaceprop brick for material BRICK/BRICKFLOOR001A, using default
Can't find surfaceprop dirt for material PERFTEST/DIRTFLOOR006A, using default
Could not locate 'GameData' key in c:\program files (x86)\steam\steamapps\common\source sdk base 2013 multiplayer\customconfig\gameinfo.txt
fixing up env_cubemap materials on brush sides...
0...1...2...3...4...5...6...7...8...9...100...1...2...3...4...5...6...7...8...9...10Processing areas...done (0)
Building Faces...done (0)
FixTjuncs...
PruneNodes...
WriteBSP...
done (0)
writing C:\Program Files (x86)\Steam\steamapps\common\Zombie Panic Source\zps_dig.prt...Building visibility clusters...
done (0)
Creating default LDR cubemaps for env_cubemap using skybox materials:
   skybox/sky_day01_01*.vmt
 ! Run buildcubemaps in the engine to get the correct cube maps.
Creating default HDR cubemaps for env_cubemap using skybox materials:
   skybox/sky_day01_01*.vmt
 ! Run buildcubemaps in the engine to get the correct cube maps.
Finding displacement neighbors...
Finding lightmap sample positions...
Displacement Alpha : 0...1...2...3...4...5...6...7...8...9...10
Building Physics collision data...
done (0) (5989 bytes)
Placing detail props : 0...1...2...3...4...5...6...7...8...9...10
Compacting texture/material tables...
Reduced 19 texinfos to 9
Reduced 2 texdatas to 2 (44 bytes to 44)
Writing C:\Program Files (x86)\Steam\steamapps\common\Zombie Panic Source\zps_dig.bsp
Wrote ZIP buffer, estimated size 105873, actual size 105659
0 seconds elapsed



4 threads
reading c:\program files (x86)\steam\steamapps\common\zombie panic source\zps_dig.bsp
reading c:\program files (x86)\steam\steamapps\common\zombie panic source\zps_dig.prt
  12 portalclusters
  14 numportals
0...1...2...3...4...5...6...7...8...9...100...1...2...3...4...5...6...7...8...9...10Optimized: 0 visible clusters (0.00%)
Total clusters visible: 80
Average clusters visible: 6
Building PAS...
Average clusters audible: 6
visdatasize:148  compressed from 192
writing c:\program files (x86)\steam\steamapps\common\zombie panic source\zps_dig.bsp
0 seconds elapsed



Could not find lights.rad in lights.rad.
Trying VRAD BIN directory instead...
Warning: Couldn't open texlight file C:\Program Files (x86)\Steam\steamapps\common\Source SDK Base 2013 Multiplayer\bin\lights.rad.
Loading c:\program files (x86)\steam\steamapps\common\zombie panic source\zps_dig.bsp
116 faces
68730 square feet [9897216.00 square inches]
0 Displacements
0 Square Feet [0.00 Square Inches]
116 patches before subdivision
7740 patches after subdivision
0 direct lights
0...1...2...3...4...5...6...7...8...9...100...1...2...3...4...5...6...7...8...9...10transfers 882235, max 288
transfer lists:   6.7 megs
0...1...2...3...4...5...6...7...8...9...10	Bounce #1 added RGB(0, 0, 0)
Build Patch/Sample Hash Table(s).....Done<0.0019 sec>
0...1...2...3...4...5...6...7...8...9...10FinalLightFace Done
0 of 0 (0% of) surface lights went in leaf ambient cubes.
0...1...2...3...4...5...6...7...8...9...10Writing leaf ambient...done
Ready to Finish

Object names       Objects/Maxobjs  Memory / Maxmem  Fullness 
------------       ---------------  ---------------  -------- 
models                   4/1024          192/49152    ( 0.4%) 
brushes                 15/8192          180/98304    ( 0.2%) 
brushsides              90/65536         720/524288   ( 0.1%) 
planes                 108/65536        2160/1310720  ( 0.2%) 
vertexes               143/65536        1716/786432   ( 0.2%) 
nodes                   85/65536        2720/2097152  ( 0.1%) 
texinfos                 9/12288         648/884736   ( 0.1%) 
texdata                  2/2048           64/65536    ( 0.1%) 
dispinfos                0/0               0/0        ( 0.0%) 
disp_verts               0/0               0/0        ( 0.0%) 
disp_tris                0/0               0/0        ( 0.0%) 
disp_lmsamples           0/0               0/0        ( 0.0%) 
faces                  116/65536        6496/3670016  ( 0.2%) 
hdr faces                0/65536           0/3670016  ( 0.0%) 
origfaces               30/65536        1680/3670016  ( 0.0%) 
leaves                  90/65536        2880/2097152  ( 0.1%) 
leaffaces              116/65536         232/131072   ( 0.2%) 
leafbrushes             47/65536          94/131072   ( 0.1%) 
areas                    3/256            24/2048     ( 1.2%) 
surfedges              584/512000       2336/2048000  ( 0.1%) 
edges                  309/256000       1236/1024000  ( 0.1%) 
LDR worldlights          0/8192            0/720896   ( 0.0%) 
HDR worldlights          0/8192            0/720896   ( 0.0%) 
leafwaterdata            0/32768           0/393216   ( 0.0%) 
waterstrips              0/32768           0/327680   ( 0.0%) 
waterverts               0/65536           0/786432   ( 0.0%) 
waterindices             0/65536           0/131072   ( 0.0%) 
cubemapsamples           0/1024            0/16384    ( 0.0%) 
overlays                 0/512             0/180224   ( 0.0%) 
LDR lightdata         [variable]      173744/0        ( 0.0%) 
HDR lightdata         [variable]           0/0        ( 0.0%) 
visdata               [variable]         148/16777216 ( 0.0%) 
entdata               [variable]       17232/393216   ( 4.4%) 
LDR ambient table       90/65536         360/262144   ( 0.1%) 
HDR ambient table       90/65536         360/262144   ( 0.1%) 
LDR leaf ambient        30/65536         840/1835008  ( 0.0%) 
HDR leaf ambient        90/65536        2520/1835008  ( 0.1%) 
occluders                0/0               0/0        ( 0.0%) 
occluder polygons        0/0               0/0        ( 0.0%) 
occluder vert ind        0/0               0/0        ( 0.0%) 
detail props          [variable]           1/12       ( 8.3%) 
static props          [variable]           1/12       ( 8.3%) 
pakfile               [variable]      105659/0        ( 0.0%) 
physics               [variable]        5989/4194304  ( 0.1%) 
physics terrain       [variable]           2/1048576  ( 0.0%) 

Level flags = 0

Total triangle count: 232
Writing c:\program files (x86)\steam\steamapps\common\zombie panic source\zps_dig.bsp
0 seconds elapsed



materialPath: C:\Program Files (x86)\Steam\steamapps\common\Source SDK Base 2013 Multiplayer\customConfig\materials
Loading C:\Program Files (x86)\Steam\steamapps\common\Zombie Panic Source\zps_dig.vmf
Can't find surfaceprop brick for material BRICK/BRICKFLOOR001A, using default
Can't find surfaceprop dirt for material PERFTEST/DIRTFLOOR006A, using default
Could not locate 'GameData' key in c:\program files (x86)\steam\steamapps\common\source sdk base 2013 multiplayer\customconfig\gameinfo.txt
fixing up env_cubemap materials on brush sides...
0...1...2...3...4...5...6...7...8...9...100...1...2...3...4...5...6...7...8...9...10Processing areas...done (0)
Building Faces...done (0)
FixTjuncs...
PruneNodes...
WriteBSP...
done (0)
writing C:\Program Files (x86)\Steam\steamapps\common\Zombie Panic Source\zps_dig.prt...Building visibility clusters...
done (0)
Creating default LDR cubemaps for env_cubemap using skybox materials:
   skybox/sky_day01_01*.vmt
 ! Run buildcubemaps in the engine to get the correct cube maps.
Creating default HDR cubemaps for env_cubemap using skybox materials:
   skybox/sky_day01_01*.vmt
 ! Run buildcubemaps in the engine to get the correct cube maps.
Finding displacement neighbors...
Finding lightmap sample positions...
Displacement Alpha : 0...1...2...3...4...5...6...7...8...9...10
Building Physics collision data...
done (0) (5989 bytes)
Placing detail props : 0...1...2...3...4...5...6...7...8...9...10
Compacting texture/material tables...
Reduced 19 texinfos to 9
Reduced 2 texdatas to 2 (44 bytes to 44)
Writing C:\Program Files (x86)\Steam\steamapps\common\Zombie Panic Source\zps_dig.bsp
Wrote ZIP buffer, estimated size 105873, actual size 105659
0 seconds elapsed



4 threads
reading c:\program files (x86)\steam\steamapps\common\zombie panic source\zps_dig.bsp
reading c:\program files (x86)\steam\steamapps\common\zombie panic source\zps_dig.prt
  12 portalclusters
  14 numportals
0...1...2...3...4...5...6...7...8...9...100...1...2...3...4...5...6...7...8...9...10Optimized: 0 visible clusters (0.00%)
Total clusters visible: 80
Average clusters visible: 6
Building PAS...
Average clusters audible: 6
visdatasize:148  compressed from 192
writing c:\program files (x86)\steam\steamapps\common\zombie panic source\zps_dig.bsp
0 seconds elapsed



Could not find lights.rad in lights.rad.
Trying VRAD BIN directory instead...
Warning: Couldn't open texlight file C:\Program Files (x86)\Steam\steamapps\common\Source SDK Base 2013 Multiplayer\bin\lights.rad.
Loading c:\program files (x86)\steam\steamapps\common\zombie panic source\zps_dig.bsp
116 faces
68730 square feet [9897216.00 square inches]
0 Displacements
0 Square Feet [0.00 Square Inches]
116 patches before subdivision
7740 patches after subdivision
0 direct lights
0...1...2...3...4...5...6...7...8...9...100...1...2...3...4...5...6...7...8...9...10transfers 882235, max 288
transfer lists:   6.7 megs
0...1...2...3...4...5...6...7...8...9...10	Bounce #1 added RGB(0, 0, 0)
Build Patch/Sample Hash Table(s).....Done<0.0020 sec>
0...1...2...3...4...5...6...7...8...9...10FinalLightFace Done
0 of 0 (0% of) surface lights went in leaf ambient cubes.
0...1...2...3...4...5...6...7...8...9...10Writing leaf ambient...done
Ready to Finish

Object names       Objects/Maxobjs  Memory / Maxmem  Fullness 
------------       ---------------  ---------------  -------- 
models                   4/1024          192/49152    ( 0.4%) 
brushes                 15/8192          180/98304    ( 0.2%) 
brushsides              90/65536         720/524288   ( 0.1%) 
planes                 108/65536        2160/1310720  ( 0.2%) 
vertexes               143/65536        1716/786432   ( 0.2%) 
nodes                   85/65536        2720/2097152  ( 0.1%) 
texinfos                 9/12288         648/884736   ( 0.1%) 
texdata                  2/2048           64/65536    ( 0.1%) 
dispinfos                0/0               0/0        ( 0.0%) 
disp_verts               0/0               0/0        ( 0.0%) 
disp_tris                0/0               0/0        ( 0.0%) 
disp_lmsamples           0/0               0/0        ( 0.0%) 
faces                  116/65536        6496/3670016  ( 0.2%) 
hdr faces                0/65536           0/3670016  ( 0.0%) 
origfaces               30/65536        1680/3670016  ( 0.0%) 
leaves                  90/65536        2880/2097152  ( 0.1%) 
leaffaces              116/65536         232/131072   ( 0.2%) 
leafbrushes             47/65536          94/131072   ( 0.1%) 
areas                    3/256            24/2048     ( 1.2%) 
surfedges              584/512000       2336/2048000  ( 0.1%) 
edges                  309/256000       1236/1024000  ( 0.1%) 
LDR worldlights          0/8192            0/720896   ( 0.0%) 
HDR worldlights          0/8192            0/720896   ( 0.0%) 
leafwaterdata            0/32768           0/393216   ( 0.0%) 
waterstrips              0/32768           0/327680   ( 0.0%) 
waterverts               0/65536           0/786432   ( 0.0%) 
waterindices             0/65536           0/131072   ( 0.0%) 
cubemapsamples           0/1024            0/16384    ( 0.0%) 
overlays                 0/512             0/180224   ( 0.0%) 
LDR lightdata         [variable]      173744/0        ( 0.0%) 
HDR lightdata         [variable]           0/0        ( 0.0%) 
visdata               [variable]         148/16777216 ( 0.0%) 
entdata               [variable]       17233/393216   ( 4.4%) 
LDR ambient table       90/65536         360/262144   ( 0.1%) 
HDR ambient table       90/65536         360/262144   ( 0.1%) 
LDR leaf ambient        30/65536         840/1835008  ( 0.0%) 
HDR leaf ambient        90/65536        2520/1835008  ( 0.1%) 
occluders                0/0               0/0        ( 0.0%) 
occluder polygons        0/0               0/0        ( 0.0%) 
occluder vert ind        0/0               0/0        ( 0.0%) 
detail props          [variable]           1/12       ( 8.3%) 
static props          [variable]           1/12       ( 8.3%) 
pakfile               [variable]      105659/0        ( 0.0%) 
physics               [variable]        5989/4194304  ( 0.1%) 
physics terrain       [variable]           2/1048576  ( 0.0%) 

Level flags = 0

Total triangle count: 232
Writing c:\program files (x86)\steam\steamapps\common\zombie panic source\zps_dig.bsp
0 seconds elapsed



materialPath: C:\Program Files (x86)\Steam\steamapps\common\Source SDK Base 2013 Multiplayer\customConfig\materials
Loading C:\Program Files (x86)\Steam\steamapps\common\Zombie Panic Source\zps_dig.vmf
Can't find surfaceprop brick for material BRICK/BRICKFLOOR001A, using default
Can't find surfaceprop dirt for material PERFTEST/DIRTFLOOR006A, using default
Could not locate 'GameData' key in c:\program files (x86)\steam\steamapps\common\source sdk base 2013 multiplayer\customconfig\gameinfo.txt
fixing up env_cubemap materials on brush sides...
0...1...2...3...4...5...6...7...8...9...100...1...2...3...4...5...6...7...8...9...10Processing areas...done (0)
Building Faces...done (0)
FixTjuncs...
PruneNodes...
WriteBSP...
done (0)
writing C:\Program Files (x86)\Steam\steamapps\common\Zombie Panic Source\zps_dig.prt...Building visibility clusters...
done (0)
Creating default LDR cubemaps for env_cubemap using skybox materials:
   skybox/sky_day01_01*.vmt
 ! Run buildcubemaps in the engine to get the correct cube maps.
Creating default HDR cubemaps for env_cubemap using skybox materials:
   skybox/sky_day01_01*.vmt
 ! Run buildcubemaps in the engine to get the correct cube maps.
Finding displacement neighbors...
Finding lightmap sample positions...
Displacement Alpha : 0...1...2...3...4...5...6...7...8...9...10
Building Physics collision data...
done (0) (5989 bytes)
Placing detail props : 0...1...2...3...4...5...6...7...8...9...10
Compacting texture/material tables...
Reduced 19 texinfos to 9
Reduced 2 texdatas to 2 (44 bytes to 44)
Writing C:\Program Files (x86)\Steam\steamapps\common\Zombie Panic Source\zps_dig.bsp
Wrote ZIP buffer, estimated size 105873, actual size 105659
0 seconds elapsed



4 threads
reading c:\program files (x86)\steam\steamapps\common\zombie panic source\zps_dig.bsp
reading c:\program files (x86)\steam\steamapps\common\zombie panic source\zps_dig.prt
  12 portalclusters
  14 numportals
0...1...2...3...4...5...6...7...8...9...100...1...2...3...4...5...6...7...8...9...10Optimized: 0 visible clusters (0.00%)
Total clusters visible: 80
Average clusters visible: 6
Building PAS...
Average clusters audible: 6
visdatasize:148  compressed from 192
writing c:\program files (x86)\steam\steamapps\common\zombie panic source\zps_dig.bsp
0 seconds elapsed



Could not find lights.rad in lights.rad.
Trying VRAD BIN directory instead...
Warning: Couldn't open texlight file C:\Program Files (x86)\Steam\steamapps\common\Source SDK Base 2013 Multiplayer\bin\lights.rad.
Loading c:\program files (x86)\steam\steamapps\common\zombie panic source\zps_dig.bsp
116 faces
68730 square feet [9897216.00 square inches]
0 Displacements
0 Square Feet [0.00 Square Inches]
116 patches before subdivision
7740 patches after subdivision
0 direct lights
0...1...2...3...4...5...6...7...8...9...100...1...2...3...4...5...6...7...8...9...10transfers 882235, max 288
transfer lists:   6.7 megs
0...1...2...3...4...5...6...7...8...9...10	Bounce #1 added RGB(0, 0, 0)
Build Patch/Sample Hash Table(s).....Done<0.0019 sec>
0...1...2...3...4...5...6...7...8...9...10FinalLightFace Done
0 of 0 (0% of) surface lights went in leaf ambient cubes.
0...1...2...3...4...5...6...7...8...9...10Writing leaf ambient...done
Ready to Finish

Object names       Objects/Maxobjs  Memory / Maxmem  Fullness 
------------       ---------------  ---------------  -------- 
models                   4/1024          192/49152    ( 0.4%) 
brushes                 15/8192          180/98304    ( 0.2%) 
brushsides              90/65536         720/524288   ( 0.1%) 
planes                 108/65536        2160/1310720  ( 0.2%) 
vertexes               143/65536        1716/786432   ( 0.2%) 
nodes                   85/65536        2720/2097152  ( 0.1%) 
texinfos                 9/12288         648/884736   ( 0.1%) 
texdata                  2/2048           64/65536    ( 0.1%) 
dispinfos                0/0               0/0        ( 0.0%) 
disp_verts               0/0               0/0        ( 0.0%) 
disp_tris                0/0               0/0        ( 0.0%) 
disp_lmsamples           0/0               0/0        ( 0.0%) 
faces                  116/65536        6496/3670016  ( 0.2%) 
hdr faces                0/65536           0/3670016  ( 0.0%) 
origfaces               30/65536        1680/3670016  ( 0.0%) 
leaves                  90/65536        2880/2097152  ( 0.1%) 
leaffaces              116/65536         232/131072   ( 0.2%) 
leafbrushes             47/65536          94/131072   ( 0.1%) 
areas                    3/256            24/2048     ( 1.2%) 
surfedges              584/512000       2336/2048000  ( 0.1%) 
edges                  309/256000       1236/1024000  ( 0.1%) 
LDR worldlights          0/8192            0/720896   ( 0.0%) 
HDR worldlights          0/8192            0/720896   ( 0.0%) 
leafwaterdata            0/32768           0/393216   ( 0.0%) 
waterstrips              0/32768           0/327680   ( 0.0%) 
waterverts               0/65536           0/786432   ( 0.0%) 
waterindices             0/65536           0/131072   ( 0.0%) 
cubemapsamples           0/1024            0/16384    ( 0.0%) 
overlays                 0/512             0/180224   ( 0.0%) 
LDR lightdata         [variable]      173744/0        ( 0.0%) 
HDR lightdata         [variable]           0/0        ( 0.0%) 
visdata               [variable]         148/16777216 ( 0.0%) 
entdata               [variable]       17233/393216   ( 4.4%) 
LDR ambient table       90/65536         360/262144   ( 0.1%) 
HDR ambient table       90/65536         360/262144   ( 0.1%) 
LDR leaf ambient        30/65536         840/1835008  ( 0.0%) 
HDR leaf ambient        90/65536        2520/1835008  ( 0.1%) 
occluders                0/0               0/0        ( 0.0%) 
occluder polygons        0/0               0/0        ( 0.0%) 
occluder vert ind        0/0               0/0        ( 0.0%) 
detail props          [variable]           1/12       ( 8.3%) 
static props          [variable]           1/12       ( 8.3%) 
pakfile               [variable]      105659/0        ( 0.0%) 
physics               [variable]        5989/4194304  ( 0.1%) 
physics terrain       [variable]           2/1048576  ( 0.0%) 

Level flags = 0

Total triangle count: 232
Writing c:\program files (x86)\steam\steamapps\common\zombie panic source\zps_dig.bsp
0 seconds elapsed



materialPath: C:\Program Files (x86)\Steam\steamapps\common\Source SDK Base 2013 Multiplayer\customConfig\materials
Loading C:\Program Files (x86)\Steam\steamapps\common\Zombie Panic Source\zps_dig.vmf
Can't find surfaceprop brick for material BRICK/BRICKFLOOR001A, using default
Can't find surfaceprop dirt for material PERFTEST/DIRTFLOOR006A, using default
Could not locate 'GameData' key in c:\program files (x86)\steam\steamapps\common\source sdk base 2013 multiplayer\customconfig\gameinfo.txt
fixing up env_cubemap materials on brush sides...
0...1...2...3...4...5...6...7...8...9...100...1...2...3...4...5...6...7...8...9...10Processing areas...done (0)
Building Faces...done (0)
FixTjuncs...
PruneNodes...
WriteBSP...
done (0)
writing C:\Program Files (x86)\Steam\steamapps\common\Zombie Panic Source\zps_dig.prt...Building visibility clusters...
done (0)
Creating default LDR cubemaps for env_cubemap using skybox materials:
   skybox/sky_day01_01*.vmt
 ! Run buildcubemaps in the engine to get the correct cube maps.
Creating default HDR cubemaps for env_cubemap using skybox materials:
   skybox/sky_day01_01*.vmt
 ! Run buildcubemaps in the engine to get the correct cube maps.
Finding displacement neighbors...
Finding lightmap sample positions...
Displacement Alpha : 0...1...2...3...4...5...6...7...8...9...10
Building Physics collision data...
done (0) (190679 bytes)
Placing detail props : 0...1...2...3...4...5...6...7...8...9...10
Compacting texture/material tables...
Reduced 142 texinfos to 120
Reduced 2 texdatas to 2 (44 bytes to 44)
Writing C:\Program Files (x86)\Steam\steamapps\common\Zombie Panic Source\zps_dig.bsp
Wrote ZIP buffer, estimated size 105873, actual size 105659
0 seconds elapsed



4 threads
reading c:\program files (x86)\steam\steamapps\common\zombie panic source\zps_dig.bsp
reading c:\program files (x86)\steam\steamapps\common\zombie panic source\zps_dig.prt
  12 portalclusters
  14 numportals
0...1...2...3...4...5...6...7...8...9...100...1...2...3...4...5...6...7...8...9...10Optimized: 0 visible clusters (0.00%)
Total clusters visible: 80
Average clusters visible: 6
Building PAS...
Average clusters audible: 6
visdatasize:148  compressed from 192
writing c:\program files (x86)\steam\steamapps\common\zombie panic source\zps_dig.bsp
0 seconds elapsed



Could not find lights.rad in lights.rad.
Trying VRAD BIN directory instead...
Warning: Couldn't open texlight file C:\Program Files (x86)\Steam\steamapps\common\Source SDK Base 2013 Multiplayer\bin\lights.rad.
Loading c:\program files (x86)\steam\steamapps\common\zombie panic source\zps_dig.bsp
2222 faces
141141 square feet [20324352.00 square inches]
0 Displacements
0 Square Feet [0.00 Square Inches]
2222 patches before subdivision
21362 patches after subdivision
0 direct lights
0...1...2...3...4...5...6...7...8...9...100...1...2...3...4...5...6...7...8...9...10transfers 1912020, max 297
transfer lists:  14.6 megs
0...1...2...3...4...5...6...7...8...9...10	Bounce #1 added RGB(0, 0, 0)
Build Patch/Sample Hash Table(s).....Done<0.0042 sec>
0...1...2...3...4...5...6...7...8...9...10FinalLightFace Done
0 of 0 (0% of) surface lights went in leaf ambient cubes.
0...1...2...3...4...5...6...7...8...9...10Writing leaf ambient...done
Ready to Finish

Object names       Objects/Maxobjs  Memory / Maxmem  Fullness 
------------       ---------------  ---------------  -------- 
models                 355/1024        17040/49152    (34.7%) 
brushes                366/8192         4392/98304    ( 4.5%) 
brushsides            2196/65536       17568/524288   ( 3.4%) 
planes                 194/65536        3880/1310720  ( 0.3%) 
vertexes              2959/65536       35508/786432   ( 4.5%) 
nodes                 2191/65536       70112/2097152  ( 3.3%) 
texinfos               120/12288        8640/884736   ( 1.0%) 
texdata                  2/2048           64/65536    ( 0.1%) 
dispinfos                0/0               0/0        ( 0.0%) 
disp_verts               0/0               0/0        ( 0.0%) 
disp_tris                0/0               0/0        ( 0.0%) 
disp_lmsamples           0/0               0/0        ( 0.0%) 
faces                 2222/65536      124432/3670016  ( 3.4%) 
hdr faces                0/65536           0/3670016  ( 0.0%) 
origfaces             2136/65536      119616/3670016  ( 3.3%) 
leaves                2547/65536       81504/2097152  ( 3.9%) 
leaffaces             2222/65536        4444/131072   ( 3.4%) 
leafbrushes            398/65536         796/131072   ( 0.6%) 
areas                    3/256            24/2048     ( 1.2%) 
surfedges            17432/512000      69728/2048000  ( 3.4%) 
edges                 8735/256000      34940/1024000  ( 3.4%) 
LDR worldlights          0/8192            0/720896   ( 0.0%) 
HDR worldlights          0/8192            0/720896   ( 0.0%) 
leafwaterdata            0/32768           0/393216   ( 0.0%) 
waterstrips              0/32768           0/327680   ( 0.0%) 
waterverts               0/65536           0/786432   ( 0.0%) 
waterindices             0/65536           0/131072   ( 0.0%) 
cubemapsamples           0/1024            0/16384    ( 0.0%) 
overlays                 0/512             0/180224   ( 0.0%) 
LDR lightdata         [variable]      452144/0        ( 0.0%) 
HDR lightdata         [variable]           0/0        ( 0.0%) 
visdata               [variable]         148/16777216 ( 0.0%) 
entdata               [variable]      192111/393216   (48.9%) 
LDR ambient table     2547/65536       10188/262144   ( 3.9%) 
HDR ambient table     2547/65536       10188/262144   ( 3.9%) 
LDR leaf ambient      2136/65536       59808/1835008  ( 3.3%) 
HDR leaf ambient      2547/65536       71316/1835008  ( 3.9%) 
occluders                0/0               0/0        ( 0.0%) 
occluder polygons        0/0               0/0        ( 0.0%) 
occluder vert ind        0/0               0/0        ( 0.0%) 
detail props          [variable]           1/12       ( 8.3%) 
static props          [variable]           1/12       ( 8.3%) 
pakfile               [variable]      105659/0        ( 0.0%) 
physics               [variable]      190679/4194304  ( 4.5%) 
physics terrain       [variable]           2/1048576  ( 0.0%) 

Level flags = 0

Total triangle count: 4444
Writing c:\program files (x86)\steam\steamapps\common\zombie panic source\zps_dig.bsp
2 seconds elapsed



materialPath: C:\Program Files (x86)\Steam\steamapps\common\Source SDK Base 2013 Multiplayer\customConfig\materials
Loading C:\Program Files (x86)\Steam\steamapps\common\Zombie Panic Source\zps_dig.vmf
Can't find surfaceprop brick for material BRICK/BRICKFLOOR001A, using default
Can't find surfaceprop dirt for material PERFTEST/DIRTFLOOR006A, using default
Could not locate 'GameData' key in c:\program files (x86)\steam\steamapps\common\source sdk base 2013 multiplayer\customconfig\gameinfo.txt
fixing up env_cubemap materials on brush sides...
0...1...2...3...4...5...6...7...8...9...100...1...2...3...4...5...6...7...8...9...10Processing areas...done (0)
Building Faces...done (0)
FixTjuncs...
PruneNodes...
WriteBSP...
done (0)
writing C:\Program Files (x86)\Steam\steamapps\common\Zombie Panic Source\zps_dig.prt...Building visibility clusters...
done (0)
Creating default LDR cubemaps for env_cubemap using skybox materials:
   skybox/sky_day01_01*.vmt
 ! Run buildcubemaps in the engine to get the correct cube maps.
Creating default HDR cubemaps for env_cubemap using skybox materials:
   skybox/sky_day01_01*.vmt
 ! Run buildcubemaps in the engine to get the correct cube maps.
Finding displacement neighbors...
Finding lightmap sample positions...
Displacement Alpha : 0...1...2...3...4...5...6...7...8...9...10
Building Physics collision data...
done (0) (190679 bytes)
Placing detail props : 0...1...2...3...4...5...6...7...8...9...10
Compacting texture/material tables...
Reduced 142 texinfos to 120
Reduced 2 texdatas to 2 (44 bytes to 44)
Writing C:\Program Files (x86)\Steam\steamapps\common\Zombie Panic Source\zps_dig.bsp
Wrote ZIP buffer, estimated size 105873, actual size 105659
0 seconds elapsed



4 threads
reading c:\program files (x86)\steam\steamapps\common\zombie panic source\zps_dig.bsp
reading c:\program files (x86)\steam\steamapps\common\zombie panic source\zps_dig.prt
  12 portalclusters
  14 numportals
0...1...2...3...4...5...6...7...8...9...100...1...2...3...4...5...6...7...8...9...10Optimized: 0 visible clusters (0.00%)
Total clusters visible: 80
Average clusters visible: 6
Building PAS...
Average clusters audible: 6
visdatasize:148  compressed from 192
writing c:\program files (x86)\steam\steamapps\common\zombie panic source\zps_dig.bsp
0 seconds elapsed



Could not find lights.rad in lights.rad.
Trying VRAD BIN directory instead...
Warning: Couldn't open texlight file C:\Program Files (x86)\Steam\steamapps\common\Source SDK Base 2013 Multiplayer\bin\lights.rad.
Loading c:\program files (x86)\steam\steamapps\common\zombie panic source\zps_dig.bsp
2222 faces
141141 square feet [20324352.00 square inches]
0 Displacements
0 Square Feet [0.00 Square Inches]
2222 patches before subdivision
21362 patches after subdivision
0 direct lights
0...1...2...3...4...5...6...7...8...9...100...1...2...3...4...5...6...7...8...9...10transfers 1912020, max 297
transfer lists:  14.6 megs
0...1...2...3...4...5...6...7...8...9...10	Bounce #1 added RGB(0, 0, 0)
Build Patch/Sample Hash Table(s).....Done<0.0041 sec>
0...1...2...3...4...5...6...7...8...9...10FinalLightFace Done
0 of 0 (0% of) surface lights went in leaf ambient cubes.
0...1...2...3...4...5...6...7...8...9...10Writing leaf ambient...done
Ready to Finish

Object names       Objects/Maxobjs  Memory / Maxmem  Fullness 
------------       ---------------  ---------------  -------- 
models                 355/1024        17040/49152    (34.7%) 
brushes                366/8192         4392/98304    ( 4.5%) 
brushsides            2196/65536       17568/524288   ( 3.4%) 
planes                 194/65536        3880/1310720  ( 0.3%) 
vertexes              2959/65536       35508/786432   ( 4.5%) 
nodes                 2191/65536       70112/2097152  ( 3.3%) 
texinfos               120/12288        8640/884736   ( 1.0%) 
texdata                  2/2048           64/65536    ( 0.1%) 
dispinfos                0/0               0/0        ( 0.0%) 
disp_verts               0/0               0/0        ( 0.0%) 
disp_tris                0/0               0/0        ( 0.0%) 
disp_lmsamples           0/0               0/0        ( 0.0%) 
faces                 2222/65536      124432/3670016  ( 3.4%) 
hdr faces                0/65536           0/3670016  ( 0.0%) 
origfaces             2136/65536      119616/3670016  ( 3.3%) 
leaves                2547/65536       81504/2097152  ( 3.9%) 
leaffaces             2222/65536        4444/131072   ( 3.4%) 
leafbrushes            398/65536         796/131072   ( 0.6%) 
areas                    3/256            24/2048     ( 1.2%) 
surfedges            17432/512000      69728/2048000  ( 3.4%) 
edges                 8735/256000      34940/1024000  ( 3.4%) 
LDR worldlights          0/8192            0/720896   ( 0.0%) 
HDR worldlights          0/8192            0/720896   ( 0.0%) 
leafwaterdata            0/32768           0/393216   ( 0.0%) 
waterstrips              0/32768           0/327680   ( 0.0%) 
waterverts               0/65536           0/786432   ( 0.0%) 
waterindices             0/65536           0/131072   ( 0.0%) 
cubemapsamples           0/1024            0/16384    ( 0.0%) 
overlays                 0/512             0/180224   ( 0.0%) 
LDR lightdata         [variable]      452144/0        ( 0.0%) 
HDR lightdata         [variable]           0/0        ( 0.0%) 
visdata               [variable]         148/16777216 ( 0.0%) 
entdata               [variable]      193219/393216   (49.1%) 
LDR ambient table     2547/65536       10188/262144   ( 3.9%) 
HDR ambient table     2547/65536       10188/262144   ( 3.9%) 
LDR leaf ambient      2136/65536       59808/1835008  ( 3.3%) 
HDR leaf ambient      2547/65536       71316/1835008  ( 3.9%) 
occluders                0/0               0/0        ( 0.0%) 
occluder polygons        0/0               0/0        ( 0.0%) 
occluder vert ind        0/0               0/0        ( 0.0%) 
detail props          [variable]           1/12       ( 8.3%) 
static props          [variable]           1/12       ( 8.3%) 
pakfile               [variable]      105659/0        ( 0.0%) 
physics               [variable]      190679/4194304  ( 4.5%) 
physics terrain       [variable]           2/1048576  ( 0.0%) 

Level flags = 0

Total triangle count: 4444
Writing c:\program files (x86)\steam\steamapps\common\zombie panic source\zps_dig.bsp
2 seconds elapsed



materialPath: C:\Program Files (x86)\Steam\steamapps\common\Source SDK Base 2013 Multiplayer\customConfig\materials
Loading C:\Program Files (x86)\Steam\steamapps\common\Zombie Panic Source\zps_dig.vmf
Can't find surfaceprop brick for material BRICK/BRICKFLOOR001A, using default
Can't find surfaceprop dirt for material PERFTEST/DIRTFLOOR006A, using default
Could not locate 'GameData' key in c:\program files (x86)\steam\steamapps\common\source sdk base 2013 multiplayer\customconfig\gameinfo.txt
fixing up env_cubemap materials on brush sides...
0...1...2...3...4...5...6...7...8...9...100...1...2...3...4...5...6...7...8...9...10Processing areas...done (0)
Building Faces...done (0)
FixTjuncs...
PruneNodes...
WriteBSP...
done (0)
writing C:\Program Files (x86)\Steam\steamapps\common\Zombie Panic Source\zps_dig.prt...Building visibility clusters...
done (0)
Creating default LDR cubemaps for env_cubemap using skybox materials:
   skybox/sky_day01_01*.vmt
 ! Run buildcubemaps in the engine to get the correct cube maps.
Creating default HDR cubemaps for env_cubemap using skybox materials:
   skybox/sky_day01_01*.vmt
 ! Run buildcubemaps in the engine to get the correct cube maps.
Finding displacement neighbors...
Finding lightmap sample positions...
Displacement Alpha : 0...1...2...3...4...5...6...7...8...9...10
Building Physics collision data...
done (0) (190679 bytes)
Placing detail props : 0...1...2...3...4...5...6...7...8...9...10
Compacting texture/material tables...
Reduced 142 texinfos to 120
Reduced 2 texdatas to 2 (44 bytes to 44)
Writing C:\Program Files (x86)\Steam\steamapps\common\Zombie Panic Source\zps_dig.bsp
Wrote ZIP buffer, estimated size 105873, actual size 105659
0 seconds elapsed



4 threads
reading c:\program files (x86)\steam\steamapps\common\zombie panic source\zps_dig.bsp
reading c:\program files (x86)\steam\steamapps\common\zombie panic source\zps_dig.prt
  12 portalclusters
  14 numportals
0...1...2...3...4...5...6...7...8...9...100...1...2...3...4...5...6...7...8...9...10Optimized: 0 visible clusters (0.00%)
Total clusters visible: 80
Average clusters visible: 6
Building PAS...
Average clusters audible: 6
visdatasize:148  compressed from 192
writing c:\program files (x86)\steam\steamapps\common\zombie panic source\zps_dig.bsp
0 seconds elapsed



Could not find lights.rad in lights.rad.
Trying VRAD BIN directory instead...
Warning: Couldn't open texlight file C:\Program Files (x86)\Steam\steamapps\common\Source SDK Base 2013 Multiplayer\bin\lights.rad.
Loading c:\program files (x86)\steam\steamapps\common\zombie panic source\zps_dig.bsp
2222 faces
141141 square feet [20324352.00 square inches]
0 Displacements
0 Square Feet [0.00 Square Inches]
2222 patches before subdivision
21362 patches after subdivision
0 direct lights
0...1...2...3...4...5...6...7...8...9...100...1...2...3...4...5...6...7...8...9...10transfers 1912020, max 297
transfer lists:  14.6 megs
0...1...2...3...4...5...6...7...8...9...10	Bounce #1 added RGB(0, 0, 0)
Build Patch/Sample Hash Table(s).....Done<0.0042 sec>
0...1...2...3...4...5...6...7...8...9...10FinalLightFace Done
0 of 0 (0% of) surface lights went in leaf ambient cubes.
0...1...2...3...4...5...6...7...8...9...10Writing leaf ambient...done
Ready to Finish

Object names       Objects/Maxobjs  Memory / Maxmem  Fullness 
------------       ---------------  ---------------  -------- 
models                 355/1024        17040/49152    (34.7%) 
brushes                366/8192         4392/98304    ( 4.5%) 
brushsides            2196/65536       17568/524288   ( 3.4%) 
planes                 194/65536        3880/1310720  ( 0.3%) 
vertexes              2959/65536       35508/786432   ( 4.5%) 
nodes                 2191/65536       70112/2097152  ( 3.3%) 
texinfos               120/12288        8640/884736   ( 1.0%) 
texdata                  2/2048           64/65536    ( 0.1%) 
dispinfos                0/0               0/0        ( 0.0%) 
disp_verts               0/0               0/0        ( 0.0%) 
disp_tris                0/0               0/0        ( 0.0%) 
disp_lmsamples           0/0               0/0        ( 0.0%) 
faces                 2222/65536      124432/3670016  ( 3.4%) 
hdr faces                0/65536           0/3670016  ( 0.0%) 
origfaces             2136/65536      119616/3670016  ( 3.3%) 
leaves                2547/65536       81504/2097152  ( 3.9%) 
leaffaces             2222/65536        4444/131072   ( 3.4%) 
leafbrushes            398/65536         796/131072   ( 0.6%) 
areas                    3/256            24/2048     ( 1.2%) 
surfedges            17432/512000      69728/2048000  ( 3.4%) 
edges                 8735/256000      34940/1024000  ( 3.4%) 
LDR worldlights          0/8192            0/720896   ( 0.0%) 
HDR worldlights          0/8192            0/720896   ( 0.0%) 
leafwaterdata            0/32768           0/393216   ( 0.0%) 
waterstrips              0/32768           0/327680   ( 0.0%) 
waterverts               0/65536           0/786432   ( 0.0%) 
waterindices             0/65536           0/131072   ( 0.0%) 
cubemapsamples           0/1024            0/16384    ( 0.0%) 
overlays                 0/512             0/180224   ( 0.0%) 
LDR lightdata         [variable]      452144/0        ( 0.0%) 
HDR lightdata         [variable]           0/0        ( 0.0%) 
visdata               [variable]         148/16777216 ( 0.0%) 
entdata               [variable]      194286/393216   (49.4%) 
LDR ambient table     2547/65536       10188/262144   ( 3.9%) 
HDR ambient table     2547/65536       10188/262144   ( 3.9%) 
LDR leaf ambient      2136/65536       59808/1835008  ( 3.3%) 
HDR leaf ambient      2547/65536       71316/1835008  ( 3.9%) 
occluders                0/0               0/0        ( 0.0%) 
occluder polygons        0/0               0/0        ( 0.0%) 
occluder vert ind        0/0               0/0        ( 0.0%) 
detail props          [variable]           1/12       ( 8.3%) 
static props          [variable]           1/12       ( 8.3%) 
pakfile               [variable]      105659/0        ( 0.0%) 
physics               [variable]      190679/4194304  ( 4.5%) 
physics terrain       [variable]           2/1048576  ( 0.0%) 

Level flags = 0

Total triangle count: 4444
Writing c:\program files (x86)\steam\steamapps\common\zombie panic source\zps_dig.bsp
2 seconds elapsed



materialPath: C:\Program Files (x86)\Steam\steamapps\common\Zombie Panic Source\zps\materials
Loading C:\Program Files (x86)\Steam\steamapps\common\Zombie Panic Source\zps_dig.vmf
fixing up env_cubemap materials on brush sides...
0...1...2...3...4...5...6...7...8...9...100...1...2...3...4...5...6...7...8...9...10Processing areas...done (0)
Building Faces...done (0)
FixTjuncs...
PruneNodes...
WriteBSP...
done (0)
writing C:\Program Files (x86)\Steam\steamapps\common\Zombie Panic Source\zps_dig.prt...Building visibility clusters...
done (0)
Creating default LDR cubemaps for env_cubemap using skybox materials:
   skybox/sky_day01_01*.vmt
 ! Run buildcubemaps in the engine to get the correct cube maps.
Creating default HDR cubemaps for env_cubemap using skybox materials:
   skybox/sky_day01_01*.vmt
 ! Run buildcubemaps in the engine to get the correct cube maps.
Finding displacement neighbors...
Finding lightmap sample positions...
Displacement Alpha : 0...1...2...3...4...5...6...7...8...9...10
Building Physics collision data...
done (0) (199529 bytes)
Placing detail props : 0...1...2...3...4...5...6...7...8...9...10
Compacting texture/material tables...
Reduced 142 texinfos to 120
Reduced 2 texdatas to 2 (44 bytes to 44)
Writing C:\Program Files (x86)\Steam\steamapps\common\Zombie Panic Source\zps_dig.bsp
0 seconds elapsed



4 threads
reading c:\program files (x86)\steam\steamapps\common\zombie panic source\zps_dig.bsp
reading c:\program files (x86)\steam\steamapps\common\zombie panic source\zps_dig.prt
  12 portalclusters
  14 numportals
0...1...2...3...4...5...6...7...8...9...100...1...2...3...4...5...6...7...8...9...10Optimized: 0 visible clusters (0.00%)
Total clusters visible: 80
Average clusters visible: 6
Building PAS...
Average clusters audible: 6
visdatasize:148  compressed from 192
writing c:\program files (x86)\steam\steamapps\common\zombie panic source\zps_dig.bsp
0 seconds elapsed



[Reading texlights from 'lights.rad']
[55 texlights parsed from 'lights.rad']

Loading c:\program files (x86)\steam\steamapps\common\zombie panic source\zps_dig.bsp
2222 faces
141141 square feet [20324352.00 square inches]
0 Displacements
0 Square Feet [0.00 Square Inches]
2222 patches before subdivision
21362 patches after subdivision
0 direct lights
0...1...2...3...4...5...6...7...8...9...100...1...2...3...4...5...6...7...8...9...10transfers 1912020, max 297
transfer lists:  14.6 megs
0...1...2...3...4...5...6...7...8...9...10	Bounce #1 added RGB(0, 0, 0)
Build Patch/Sample Hash Table(s).....Done<0.0041 sec>
0...1...2...3...4...5...6...7...8...9...10FinalLightFace Done
0 of 0 (0% of) surface lights went in leaf ambient cubes.
0...1...2...3...4...5...6...7...8...9...10Writing leaf ambient...done
Ready to Finish

Object names       Objects/Maxobjs  Memory / Maxmem  Fullness 
------------       ---------------  ---------------  -------- 
models                 355/1024        17040/49152    (34.7%) 
brushes                366/8192         4392/98304    ( 4.5%) 
brushsides            2196/65536       17568/524288   ( 3.4%) 
planes                 194/65536        3880/1310720  ( 0.3%) 
vertexes              2959/65536       35508/786432   ( 4.5%) 
nodes                 2191/65536       70112/2097152  ( 3.3%) 
texinfos               120/12288        8640/884736   ( 1.0%) 
texdata                  2/2048           64/65536    ( 0.1%) 
dispinfos                0/0               0/0        ( 0.0%) 
disp_verts               0/0               0/0        ( 0.0%) 
disp_tris                0/0               0/0        ( 0.0%) 
disp_lmsamples           0/0               0/0        ( 0.0%) 
faces                 2222/65536      124432/3670016  ( 3.4%) 
hdr faces                0/65536           0/3670016  ( 0.0%) 
origfaces             2136/65536      119616/3670016  ( 3.3%) 
leaves                2547/65536       81504/2097152  ( 3.9%) 
leaffaces             2222/65536        4444/131072   ( 3.4%) 
leafbrushes            398/65536         796/131072   ( 0.6%) 
areas                    3/256            24/2048     ( 1.2%) 
surfedges            17432/512000      69728/2048000  ( 3.4%) 
edges                 8735/256000      34940/1024000  ( 3.4%) 
LDR worldlights          0/8192            0/720896   ( 0.0%) 
HDR worldlights          0/8192            0/720896   ( 0.0%) 
leafwaterdata            0/32768           0/393216   ( 0.0%) 
waterstrips              0/32768           0/327680   ( 0.0%) 
waterverts               0/65536           0/786432   ( 0.0%) 
waterindices             0/65536           0/131072   ( 0.0%) 
cubemapsamples           0/1024            0/16384    ( 0.0%) 
overlays                 0/512             0/180224   ( 0.0%) 
LDR lightdata         [variable]      452144/0        ( 0.0%) 
HDR lightdata         [variable]           0/0        ( 0.0%) 
visdata               [variable]         148/16777216 ( 0.0%) 
entdata               [variable]      193282/393216   (49.2%) 
LDR ambient table     2547/65536       10188/262144   ( 3.9%) 
HDR ambient table     2547/65536       10188/262144   ( 3.9%) 
LDR leaf ambient      2136/65536       59808/1835008  ( 3.3%) 
HDR leaf ambient      2547/65536       71316/1835008  ( 3.9%) 
occluders                0/0               0/0        ( 0.0%) 
occluder polygons        0/0               0/0        ( 0.0%) 
occluder vert ind        0/0               0/0        ( 0.0%) 
detail props          [variable]           1/12       ( 8.3%) 
static props          [variable]           1/12       ( 8.3%) 
pakfile               [variable]      105659/0        ( 0.0%) 
physics               [variable]      199529/4194304  ( 4.8%) 
physics terrain       [variable]           2/1048576  ( 0.0%) 

Level flags = 0

Total triangle count: 4444
Writing c:\program files (x86)\steam\steamapps\common\zombie panic source\zps_dig.bsp
2 seconds elapsed



materialPath: C:\Program Files (x86)\Steam\steamapps\common\Zombie Panic Source\zps\materials
Loading C:\Program Files (x86)\Steam\steamapps\common\Zombie Panic Source\zps_dig.vmf
fixing up env_cubemap materials on brush sides...
0...1...2...3...4...5...6...7...8...9...100...1...2...3...4...5...6...7...8...9...10Processing areas...done (0)
Building Faces...done (0)
FixTjuncs...
PruneNodes...
WriteBSP...
done (0)
writing C:\Program Files (x86)\Steam\steamapps\common\Zombie Panic Source\zps_dig.prt...Building visibility clusters...
done (0)
Creating default LDR cubemaps for env_cubemap using skybox materials:
   skybox/sky_day01_01*.vmt
 ! Run buildcubemaps in the engine to get the correct cube maps.
Creating default HDR cubemaps for env_cubemap using skybox materials:
   skybox/sky_day01_01*.vmt
 ! Run buildcubemaps in the engine to get the correct cube maps.
Finding displacement neighbors...
Finding lightmap sample positions...
Displacement Alpha : 0...1...2...3...4...5...6...7...8...9...10
Building Physics collision data...
done (0) (369237 bytes)
Placing detail props : 0...1...2...3...4...5...6...7...8...9...10
Compacting texture/material tables...
Reduced 232 texinfos to 212
Reduced 2 texdatas to 2 (44 bytes to 44)
Writing C:\Program Files (x86)\Steam\steamapps\common\Zombie Panic Source\zps_dig.bsp
0 seconds elapsed



4 threads
reading c:\program files (x86)\steam\steamapps\common\zombie panic source\zps_dig.bsp
reading c:\program files (x86)\steam\steamapps\common\zombie panic source\zps_dig.prt
  12 portalclusters
  14 numportals
0...1...2...3...4...5...6...7...8...9...100...1...2...3...4...5...6...7...8...9...10Optimized: 0 visible clusters (0.00%)
Total clusters visible: 80
Average clusters visible: 6
Building PAS...
Average clusters audible: 6
visdatasize:148  compressed from 192
writing c:\program files (x86)\steam\steamapps\common\zombie panic source\zps_dig.bsp
0 seconds elapsed



[Reading texlights from 'lights.rad']
[55 texlights parsed from 'lights.rad']

Loading c:\program files (x86)\steam\steamapps\common\zombie panic source\zps_dig.bsp
4090 faces
236266 square feet [34022400.00 square inches]
0 Displacements
0 Square Feet [0.00 Square Inches]
4090 patches before subdivision
35766 patches after subdivision
0 direct lights
0...1...2...3...4...5...6...7...8...9...100...1...2...3...4...5...6...7...8...9...10transfers 3836910, max 352
transfer lists:  29.3 megs
0...1...2...3...4...5...6...7...8...9...10	Bounce #1 added RGB(0, 0, 0)
Build Patch/Sample Hash Table(s).....Done<0.0071 sec>
0...1...2...3...4...5...6...7...8...9...10FinalLightFace Done
0 of 0 (0% of) surface lights went in leaf ambient cubes.
0...1...2...3...4...5...6...7...8...9...10Writing leaf ambient...done
Ready to Finish

Object names       Objects/Maxobjs  Memory / Maxmem  Fullness 
------------       ---------------  ---------------  -------- 
models                 663/1024        31824/49152    (64.7%) 
brushes                674/8192         8088/98304    ( 8.2%) 
brushsides            4044/65536       32352/524288   ( 6.2%) 
planes                 202/65536        4040/1310720  ( 0.3%) 
vertexes              5447/65536       65364/786432   ( 8.3%) 
nodes                 4039/65536      129248/2097152  ( 6.2%) 
texinfos               212/12288       15264/884736   ( 1.7%) 
texdata                  2/2048           64/65536    ( 0.1%) 
dispinfos                0/0               0/0        ( 0.0%) 
disp_verts               0/0               0/0        ( 0.0%) 
disp_tris                0/0               0/0        ( 0.0%) 
disp_lmsamples           0/0               0/0        ( 0.0%) 
faces                 4090/65536      229040/3670016  ( 6.2%) 
hdr faces                0/65536           0/3670016  ( 0.0%) 
origfaces             3984/65536      223104/3670016  ( 6.1%) 
leaves                4703/65536      150496/2097152  ( 7.2%) 
leaffaces             4090/65536        8180/131072   ( 6.2%) 
leafbrushes            706/65536        1412/131072   ( 1.1%) 
areas                    3/256            24/2048     ( 1.2%) 
surfedges            32304/512000     129216/2048000  ( 6.3%) 
edges                16171/256000      64684/1024000  ( 6.3%) 
LDR worldlights          0/8192            0/720896   ( 0.0%) 
HDR worldlights          0/8192            0/720896   ( 0.0%) 
leafwaterdata            0/32768           0/393216   ( 0.0%) 
waterstrips              2/32768          20/327680   ( 0.0%) 
waterverts               0/65536           0/786432   ( 0.0%) 
waterindices            24/65536          48/131072   ( 0.0%) 
cubemapsamples           0/1024            0/16384    ( 0.0%) 
overlays                 0/512             0/180224   ( 0.0%) 
LDR lightdata         [variable]      772624/0        ( 0.0%) 
HDR lightdata         [variable]           0/0        ( 0.0%) 
visdata               [variable]         148/16777216 ( 0.0%) 
entdata               [variable]      352382/393216   (89.6%) VERY FULL!
LDR ambient table     4703/65536       18812/262144   ( 7.2%) 
HDR ambient table     4703/65536       18812/262144   ( 7.2%) 
LDR leaf ambient      3984/65536      111552/1835008  ( 6.1%) 
HDR leaf ambient      4703/65536      131684/1835008  ( 7.2%) 
occluders                0/0               0/0        ( 0.0%) 
occluder polygons        0/0               0/0        ( 0.0%) 
occluder vert ind        0/0               0/0        ( 0.0%) 
detail props          [variable]           1/12       ( 8.3%) 
static props          [variable]           1/12       ( 8.3%) 
pakfile               [variable]      105659/0        ( 0.0%) 
physics               [variable]      369237/4194304  ( 8.8%) 
physics terrain       [variable]           2/1048576  ( 0.0%) 

Level flags = 0

Total triangle count: 8188
Writing c:\program files (x86)\steam\steamapps\common\zombie panic source\zps_dig.bsp
4 seconds elapsed
