


materialPath: C:\Program Files (x86)\Steam\steamapps\common\Source SDK Base 2013 Multiplayer\customConfig\materials
Loading C:\Program Files (x86)\Steam\steamapps\common\Zombie Panic Source\zps_dig2.vmf
Can't find surfaceprop brick for material BRICK/BRICKFLOOR001A, using default
Can't find surfaceprop brick for material BRICK/BRICKWALL031A, using default
Can't find surfaceprop metal for material DEV/DEV_CORRUGATEDMETAL, using default
Can't find surfaceprop dirt for material PERFTEST/DIRTFLOOR006A, using default
Could not locate 'GameData' key in c:\program files (x86)\steam\steamapps\common\source sdk base 2013 multiplayer\customconfig\gameinfo.txt
fixing up env_cubemap materials on brush sides...
0...1...2...3...4...5...6...7...8...9...100...1...2...3...4...5...6...7...8...9...10Processing areas...done (0)
Building Faces...done (0)
FixTjuncs...
PruneNodes...
WriteBSP...
done (0)
writing C:\Program Files (x86)\Steam\steamapps\common\Zombie Panic Source\zps_dig2.prt...Building visibility clusters...
done (0)
Creating default LDR cubemaps for env_cubemap using skybox materials:
   skybox/sky_day01_01*.vmt
 ! Run buildcubemaps in the engine to get the correct cube maps.
Creating default HDR cubemaps for env_cubemap using skybox materials:
   skybox/sky_day01_01*.vmt
 ! Run buildcubemaps in the engine to get the correct cube maps.
Finding displacement neighbors...
Finding lightmap sample positions...
Displacement Alpha : 0...1...2...3...4...5...6...7...8...9...10
Building Physics collision data...
done (0) (191759 bytes)
Placing detail props : 0...1...2...3...4...5...6...7...8...9...10
Compacting texture/material tables...
Reduced 148 texinfos to 125
Reduced 4 texdatas to 4 (88 bytes to 88)
Writing C:\Program Files (x86)\Steam\steamapps\common\Zombie Panic Source\zps_dig2.bsp
Wrote ZIP buffer, estimated size 105877, actual size 105663
0 seconds elapsed



4 threads
reading c:\program files (x86)\steam\steamapps\common\zombie panic source\zps_dig2.bsp
reading c:\program files (x86)\steam\steamapps\common\zombie panic source\zps_dig2.prt
  17 portalclusters
  24 numportals
0...1...2...3...4...5...6...7...8...9...100...1...2...3...4...5...6...7...8...9...10Optimized: 0 visible clusters (0.00%)
Total clusters visible: 185
Average clusters visible: 10
Building PAS...
Average clusters audible: 10
visdatasize:276  compressed from 272
writing c:\program files (x86)\steam\steamapps\common\zombie panic source\zps_dig2.bsp
0 seconds elapsed



Could not find lights.rad in lights.rad.
Trying VRAD BIN directory instead...
Warning: Couldn't open texlight file C:\Program Files (x86)\Steam\steamapps\common\Source SDK Base 2013 Multiplayer\bin\lights.rad.
Loading c:\program files (x86)\steam\steamapps\common\zombie panic source\zps_dig2.bsp
2232 faces
144611 square feet [20824064.00 square inches]
0 Displacements
0 Square Feet [0.00 Square Inches]
2232 patches before subdivision
22048 patches after subdivision
0 direct lights
0...1...2...3...4...5...6...7...8...9...100...1...2...3...4...5...6...7...8...9...10transfers 2067371, max 333
transfer lists:  15.8 megs
0...1...2...3...4...5...6...7...8...9...10	Bounce #1 added RGB(0, 0, 0)
Build Patch/Sample Hash Table(s).....Done<0.0042 sec>
0...1...2...3...4...5...6...7...8...9...10FinalLightFace Done
0 of 0 (0% of) surface lights went in leaf ambient cubes.
0...1...2...3...4...5...6...7...8...9...10Writing leaf ambient...done
Ready to Finish

Object names       Objects/Maxobjs  Memory / Maxmem  Fullness 
------------       ---------------  ---------------  -------- 
models                 355/1024        17040/49152    (34.7%) 
brushes                369/8192         4428/98304    ( 4.5%) 
brushsides            2214/65536       17712/524288   ( 3.4%) 
planes                 198/65536        3960/1310720  ( 0.3%) 
vertexes              2976/65536       35712/786432   ( 4.5%) 
nodes                 2201/65536       70432/2097152  ( 3.4%) 
texinfos               125/12288        9000/884736   ( 1.0%) 
texdata                  4/2048          128/65536    ( 0.2%) 
dispinfos                0/0               0/0        ( 0.0%) 
disp_verts               0/0               0/0        ( 0.0%) 
disp_tris                0/0               0/0        ( 0.0%) 
disp_lmsamples           0/0               0/0        ( 0.0%) 
faces                 2232/65536      124992/3670016  ( 3.4%) 
hdr faces                0/65536           0/3670016  ( 0.0%) 
origfaces             2143/65536      120008/3670016  ( 3.3%) 
leaves                2557/65536       81824/2097152  ( 3.9%) 
leaffaces             2235/65536        4470/131072   ( 3.4%) 
leafbrushes            403/65536         806/131072   ( 0.6%) 
areas                    3/256            24/2048     ( 1.2%) 
surfedges            17510/512000      70040/2048000  ( 3.4%) 
edges                 8782/256000      35128/1024000  ( 3.4%) 
LDR worldlights          0/8192            0/720896   ( 0.0%) 
HDR worldlights          0/8192            0/720896   ( 0.0%) 
leafwaterdata            0/32768           0/393216   ( 0.0%) 
waterstrips              0/32768           0/327680   ( 0.0%) 
waterverts               0/65536           0/786432   ( 0.0%) 
waterindices             0/65536           0/131072   ( 0.0%) 
cubemapsamples           0/1024            0/16384    ( 0.0%) 
overlays                 0/512             0/180224   ( 0.0%) 
LDR lightdata         [variable]      460768/0        ( 0.0%) 
HDR lightdata         [variable]           0/0        ( 0.0%) 
visdata               [variable]         276/16777216 ( 0.0%) 
entdata               [variable]      193282/393216   (49.2%) 
LDR ambient table     2557/65536       10228/262144   ( 3.9%) 
HDR ambient table     2557/65536       10228/262144   ( 3.9%) 
LDR leaf ambient      2141/65536       59948/1835008  ( 3.3%) 
HDR leaf ambient      2557/65536       71596/1835008  ( 3.9%) 
occluders                0/0               0/0        ( 0.0%) 
occluder polygons        0/0               0/0        ( 0.0%) 
occluder vert ind        0/0               0/0        ( 0.0%) 
detail props          [variable]           1/12       ( 8.3%) 
static props          [variable]           1/12       ( 8.3%) 
pakfile               [variable]      105663/0        ( 0.0%) 
physics               [variable]      191759/4194304  ( 4.6%) 
physics terrain       [variable]           2/1048576  ( 0.0%) 

Level flags = 0

Total triangle count: 4474
Writing c:\program files (x86)\steam\steamapps\common\zombie panic source\zps_dig2.bsp
2 seconds elapsed



materialPath: C:\Program Files (x86)\Steam\steamapps\common\Source SDK Base 2013 Multiplayer\customConfig\materials
Loading C:\Program Files (x86)\Steam\steamapps\common\Zombie Panic Source\zps_dig2.vmf
Can't find surfaceprop brick for material BRICK/BRICKFLOOR001A, using default
Can't find surfaceprop brick for material BRICK/BRICKWALL031A, using default
Can't find surfaceprop metal for material DEV/DEV_CORRUGATEDMETAL, using default
Can't find surfaceprop dirt for material PERFTEST/DIRTFLOOR006A, using default
Could not locate 'GameData' key in c:\program files (x86)\steam\steamapps\common\source sdk base 2013 multiplayer\customconfig\gameinfo.txt
fixing up env_cubemap materials on brush sides...
0...1...2...3...4...5...6...7...8...9...100...1...2...3...4...5...6...7...8...9...10Processing areas...done (0)
Building Faces...done (0)
FixTjuncs...
PruneNodes...
WriteBSP...
done (0)
writing C:\Program Files (x86)\Steam\steamapps\common\Zombie Panic Source\zps_dig2.prt...Building visibility clusters...
done (0)
Creating default LDR cubemaps for env_cubemap using skybox materials:
   skybox/sky_day01_01*.vmt
 ! Run buildcubemaps in the engine to get the correct cube maps.
Creating default HDR cubemaps for env_cubemap using skybox materials:
   skybox/sky_day01_01*.vmt
 ! Run buildcubemaps in the engine to get the correct cube maps.
Finding displacement neighbors...
Finding lightmap sample positions...
Displacement Alpha : 0...1...2...3...4...5...6...7...8...9...10
Building Physics collision data...
done (0) (192871 bytes)
Placing detail props : 0...1...2...3...4...5...6...7...8...9...10
Compacting texture/material tables...
Reduced 155 texinfos to 132
Reduced 4 texdatas to 4 (88 bytes to 88)
Writing C:\Program Files (x86)\Steam\steamapps\common\Zombie Panic Source\zps_dig2.bsp
Wrote ZIP buffer, estimated size 105877, actual size 105663
0 seconds elapsed



4 threads
reading c:\program files (x86)\steam\steamapps\common\zombie panic source\zps_dig2.bsp
reading c:\program files (x86)\steam\steamapps\common\zombie panic source\zps_dig2.prt
  24 portalclusters
  36 numportals
0...1...2...3...4...5...6...7...8...9...100...1...2...3...4...5...6...7...8...9...10Optimized: 0 visible clusters (0.00%)
Total clusters visible: 416
Average clusters visible: 17
Building PAS...
Average clusters audible: 17
visdatasize:340  compressed from 384
writing c:\program files (x86)\steam\steamapps\common\zombie panic source\zps_dig2.bsp
0 seconds elapsed



Could not find lights.rad in lights.rad.
Trying VRAD BIN directory instead...
Warning: Couldn't open texlight file C:\Program Files (x86)\Steam\steamapps\common\Source SDK Base 2013 Multiplayer\bin\lights.rad.
Loading c:\program files (x86)\steam\steamapps\common\zombie panic source\zps_dig2.bsp
2248 faces
144668 square feet [20832256.00 square inches]
0 Displacements
0 Square Feet [0.00 Square Inches]
2248 patches before subdivision
22208 patches after subdivision
0 direct lights
0...1...2...3...4...5...6...7...8...9...100...1...2...3...4...5...6...7...8...9...10transfers 2124296, max 340
transfer lists:  16.2 megs
0...1...2...3...4...5...6...7...8...9...10	Bounce #1 added RGB(0, 0, 0)
Build Patch/Sample Hash Table(s).....Done<0.0043 sec>
0...1...2...3...4...5...6...7...8...9...10FinalLightFace Done
0 of 0 (0% of) surface lights went in leaf ambient cubes.
0...1...2...3...4...5...6...7...8...9...10Writing leaf ambient...done
Ready to Finish

Object names       Objects/Maxobjs  Memory / Maxmem  Fullness 
------------       ---------------  ---------------  -------- 
models                 355/1024        17040/49152    (34.7%) 
brushes                372/8192         4464/98304    ( 4.5%) 
brushsides            2232/65536       17856/524288   ( 3.4%) 
planes                 202/65536        4040/1310720  ( 0.3%) 
vertexes              3000/65536       36000/786432   ( 4.6%) 
nodes                 2211/65536       70752/2097152  ( 3.4%) 
texinfos               132/12288        9504/884736   ( 1.1%) 
texdata                  4/2048          128/65536    ( 0.2%) 
dispinfos                0/0               0/0        ( 0.0%) 
disp_verts               0/0               0/0        ( 0.0%) 
disp_tris                0/0               0/0        ( 0.0%) 
disp_lmsamples           0/0               0/0        ( 0.0%) 
faces                 2248/65536      125888/3670016  ( 3.4%) 
hdr faces                0/65536           0/3670016  ( 0.0%) 
origfaces             2153/65536      120568/3670016  ( 3.3%) 
leaves                2567/65536       82144/2097152  ( 3.9%) 
leaffaces             2260/65536        4520/131072   ( 3.4%) 
leafbrushes            406/65536         812/131072   ( 0.6%) 
areas                    3/256            24/2048     ( 1.2%) 
surfedges            17626/512000      70504/2048000  ( 3.4%) 
edges                 8849/256000      35396/1024000  ( 3.5%) 
LDR worldlights          0/8192            0/720896   ( 0.0%) 
HDR worldlights          0/8192            0/720896   ( 0.0%) 
leafwaterdata            0/32768           0/393216   ( 0.0%) 
waterstrips              0/32768           0/327680   ( 0.0%) 
waterverts               0/65536           0/786432   ( 0.0%) 
waterindices             0/65536           0/131072   ( 0.0%) 
cubemapsamples           0/1024            0/16384    ( 0.0%) 
overlays                 0/512             0/180224   ( 0.0%) 
LDR lightdata         [variable]      461696/0        ( 0.0%) 
HDR lightdata         [variable]           0/0        ( 0.0%) 
visdata               [variable]         340/16777216 ( 0.0%) 
entdata               [variable]      193282/393216   (49.2%) 
LDR ambient table     2567/65536       10268/262144   ( 3.9%) 
HDR ambient table     2567/65536       10268/262144   ( 3.9%) 
LDR leaf ambient      2148/65536       60144/1835008  ( 3.3%) 
HDR leaf ambient      2567/65536       71876/1835008  ( 3.9%) 
occluders                0/0               0/0        ( 0.0%) 
occluder polygons        0/0               0/0        ( 0.0%) 
occluder vert ind        0/0               0/0        ( 0.0%) 
detail props          [variable]           1/12       ( 8.3%) 
static props          [variable]           1/12       ( 8.3%) 
pakfile               [variable]      105663/0        ( 0.0%) 
physics               [variable]      192871/4194304  ( 4.6%) 
physics terrain       [variable]           2/1048576  ( 0.0%) 

Level flags = 0

Total triangle count: 4518
Writing c:\program files (x86)\steam\steamapps\common\zombie panic source\zps_dig2.bsp
2 seconds elapsed



materialPath: C:\Program Files (x86)\Steam\steamapps\common\Zombie Panic Source\zps\materials
Loading C:\Program Files (x86)\Steam\steamapps\common\Zombie Panic Source\zps_dig2.vmf
fixing up env_cubemap materials on brush sides...
0...1...2...3...4...5...6...7...8...9...100...1...2...3...4...5...6...7...8...9...10Processing areas...done (0)
Building Faces...done (0)
FixTjuncs...
PruneNodes...
WriteBSP...
done (0)
writing C:\Program Files (x86)\Steam\steamapps\common\Zombie Panic Source\zps_dig2.prt...Building visibility clusters...
done (0)
Creating default LDR cubemaps for env_cubemap using skybox materials:
   skybox/sky_day01_01*.vmt
 ! Run buildcubemaps in the engine to get the correct cube maps.
Creating default HDR cubemaps for env_cubemap using skybox materials:
   skybox/sky_day01_01*.vmt
 ! Run buildcubemaps in the engine to get the correct cube maps.
Finding displacement neighbors...
Finding lightmap sample positions...
Displacement Alpha : 0...1...2...3...4...5...6...7...8...9...10
Building Physics collision data...
done (0) (201733 bytes)
Placing detail props : 0...1...2...3...4...5...6...7...8...9...10
Compacting texture/material tables...
Reduced 155 texinfos to 132
Reduced 4 texdatas to 4 (88 bytes to 88)
Writing C:\Program Files (x86)\Steam\steamapps\common\Zombie Panic Source\zps_dig2.bsp
0 seconds elapsed



4 threads
reading c:\program files (x86)\steam\steamapps\common\zombie panic source\zps_dig2.bsp
reading c:\program files (x86)\steam\steamapps\common\zombie panic source\zps_dig2.prt
  24 portalclusters
  36 numportals
0...1...2...3...4...5...6...7...8...9...100...1...2...3...4...5...6...7...8...9...10Optimized: 0 visible clusters (0.00%)
Total clusters visible: 416
Average clusters visible: 17
Building PAS...
Average clusters audible: 17
visdatasize:340  compressed from 384
writing c:\program files (x86)\steam\steamapps\common\zombie panic source\zps_dig2.bsp
0 seconds elapsed



[Reading texlights from 'lights.rad']
[55 texlights parsed from 'lights.rad']

Loading c:\program files (x86)\steam\steamapps\common\zombie panic source\zps_dig2.bsp
2248 faces
144668 square feet [20832256.00 square inches]
0 Displacements
0 Square Feet [0.00 Square Inches]
2248 patches before subdivision
22208 patches after subdivision
0 direct lights
0...1...2...3...4...5...6...7...8...9...100...1...2...3...4...5...6...7...8...9...10transfers 2124296, max 340
transfer lists:  16.2 megs
0...1...2...3...4...5...6...7...8...9...10	Bounce #1 added RGB(0, 0, 0)
Build Patch/Sample Hash Table(s).....Done<0.0042 sec>
0...1...2...3...4...5...6...7...8...9...10FinalLightFace Done
0 of 0 (0% of) surface lights went in leaf ambient cubes.
0...1...2...3...4...5...6...7...8...9...10Writing leaf ambient...done
Ready to Finish

Object names       Objects/Maxobjs  Memory / Maxmem  Fullness 
------------       ---------------  ---------------  -------- 
models                 355/1024        17040/49152    (34.7%) 
brushes                372/8192         4464/98304    ( 4.5%) 
brushsides            2232/65536       17856/524288   ( 3.4%) 
planes                 202/65536        4040/1310720  ( 0.3%) 
vertexes              3000/65536       36000/786432   ( 4.6%) 
nodes                 2211/65536       70752/2097152  ( 3.4%) 
texinfos               132/12288        9504/884736   ( 1.1%) 
texdata                  4/2048          128/65536    ( 0.2%) 
dispinfos                0/0               0/0        ( 0.0%) 
disp_verts               0/0               0/0        ( 0.0%) 
disp_tris                0/0               0/0        ( 0.0%) 
disp_lmsamples           0/0               0/0        ( 0.0%) 
faces                 2248/65536      125888/3670016  ( 3.4%) 
hdr faces                0/65536           0/3670016  ( 0.0%) 
origfaces             2153/65536      120568/3670016  ( 3.3%) 
leaves                2567/65536       82144/2097152  ( 3.9%) 
leaffaces             2260/65536        4520/131072   ( 3.4%) 
leafbrushes            406/65536         812/131072   ( 0.6%) 
areas                    3/256            24/2048     ( 1.2%) 
surfedges            17626/512000      70504/2048000  ( 3.4%) 
edges                 8849/256000      35396/1024000  ( 3.5%) 
LDR worldlights          0/8192            0/720896   ( 0.0%) 
HDR worldlights          0/8192            0/720896   ( 0.0%) 
leafwaterdata            0/32768           0/393216   ( 0.0%) 
waterstrips              0/32768           0/327680   ( 0.0%) 
waterverts               0/65536           0/786432   ( 0.0%) 
waterindices             0/65536           0/131072   ( 0.0%) 
cubemapsamples           0/1024            0/16384    ( 0.0%) 
overlays                 0/512             0/180224   ( 0.0%) 
LDR lightdata         [variable]      461696/0        ( 0.0%) 
HDR lightdata         [variable]           0/0        ( 0.0%) 
visdata               [variable]         340/16777216 ( 0.0%) 
entdata               [variable]      193282/393216   (49.2%) 
LDR ambient table     2567/65536       10268/262144   ( 3.9%) 
HDR ambient table     2567/65536       10268/262144   ( 3.9%) 
LDR leaf ambient      2148/65536       60144/1835008  ( 3.3%) 
HDR leaf ambient      2567/65536       71876/1835008  ( 3.9%) 
occluders                0/0               0/0        ( 0.0%) 
occluder polygons        0/0               0/0        ( 0.0%) 
occluder vert ind        0/0               0/0        ( 0.0%) 
detail props          [variable]           1/12       ( 8.3%) 
static props          [variable]           1/12       ( 8.3%) 
pakfile               [variable]      105663/0        ( 0.0%) 
physics               [variable]      201733/4194304  ( 4.8%) 
physics terrain       [variable]           2/1048576  ( 0.0%) 

Level flags = 0

Total triangle count: 4518
Writing c:\program files (x86)\steam\steamapps\common\zombie panic source\zps_dig2.bsp
2 seconds elapsed



materialPath: C:\Program Files (x86)\Steam\steamapps\common\Zombie Panic Source\zps\materials
Loading C:\Program Files (x86)\Steam\steamapps\common\Zombie Panic Source\zps_dig2.vmf
fixing up env_cubemap materials on brush sides...
0...1...2...3...4...5...6...7...8...9...100...1...2...3...4...5...6...7...8...9...10Processing areas...done (0)
Building Faces...done (0)
FixTjuncs...
PruneNodes...
WriteBSP...
done (0)
writing C:\Program Files (x86)\Steam\steamapps\common\Zombie Panic Source\zps_dig2.prt...Building visibility clusters...
done (0)
Creating default LDR cubemaps for env_cubemap using skybox materials:
   skybox/sky_day01_01*.vmt
 ! Run buildcubemaps in the engine to get the correct cube maps.
Creating default HDR cubemaps for env_cubemap using skybox materials:
   skybox/sky_day01_01*.vmt
 ! Run buildcubemaps in the engine to get the correct cube maps.
Finding displacement neighbors...
Finding lightmap sample positions...
Displacement Alpha : 0...1...2...3...4...5...6...7...8...9...10
Building Physics collision data...
done (0) (396437 bytes)
Placing detail props : 0...1...2...3...4...5...6...7...8...9...10
Compacting texture/material tables...
Reduced 247 texinfos to 224
Reduced 4 texdatas to 4 (88 bytes to 88)
Writing C:\Program Files (x86)\Steam\steamapps\common\Zombie Panic Source\zps_dig2.bsp
0 seconds elapsed



4 threads
reading c:\program files (x86)\steam\steamapps\common\zombie panic source\zps_dig2.bsp
reading c:\program files (x86)\steam\steamapps\common\zombie panic source\zps_dig2.prt
  26 portalclusters
  47 numportals
0...1...2...3...4...5...6...7...8...9...100...1...2...3...4...5...6...7...8...9...10Optimized: 0 visible clusters (0.00%)
Total clusters visible: 496
Average clusters visible: 19
Building PAS...
Average clusters audible: 19
visdatasize:464  compressed from 416
writing c:\program files (x86)\steam\steamapps\common\zombie panic source\zps_dig2.bsp
0 seconds elapsed



[Reading texlights from 'lights.rad']
[55 texlights parsed from 'lights.rad']

Loading c:\program files (x86)\steam\steamapps\common\zombie panic source\zps_dig2.bsp
4394 faces
254435 square feet [36638720.00 square inches]
0 Displacements
0 Square Feet [0.00 Square Inches]
4394 patches before subdivision
39318 patches after subdivision
0 direct lights
0...1...2...3...4...5...6...7...8...9...100...1...2...3...4...5...6...7...8...9...10transfers 4508011, max 387
transfer lists:  34.4 megs
0...1...2...3...4...5...6...7...8...9...10	Bounce #1 added RGB(0, 0, 0)
Build Patch/Sample Hash Table(s).....Done<0.0078 sec>
0...1...2...3...4...5...6...7...8...9...10FinalLightFace Done
0 of 0 (0% of) surface lights went in leaf ambient cubes.
0...1...2...3...4...5...6...7...8...9...10Writing leaf ambient...done
Ready to Finish

Object names       Objects/Maxobjs  Memory / Maxmem  Fullness 
------------       ---------------  ---------------  -------- 
models                 707/1024        33936/49152    (69.0%) 
brushes                726/8192         8712/98304    ( 8.9%) 
brushsides            4356/65536       34848/524288   ( 6.6%) 
planes                 212/65536        4240/1310720  ( 0.3%) 
vertexes              5861/65536       70332/786432   ( 8.9%) 
nodes                 4328/65536      138496/2097152  ( 6.6%) 
texinfos               224/12288       16128/884736   ( 1.8%) 
texdata                  4/2048          128/65536    ( 0.2%) 
dispinfos                0/0               0/0        ( 0.0%) 
disp_verts               0/0               0/0        ( 0.0%) 
disp_tris                0/0               0/0        ( 0.0%) 
disp_lmsamples           0/0               0/0        ( 0.0%) 
faces                 4394/65536      246064/3670016  ( 6.7%) 
hdr faces                0/65536           0/3670016  ( 0.0%) 
origfaces             4274/65536      239344/3670016  ( 6.5%) 
leaves                5036/65536      161152/2097152  ( 7.7%) 
leaffaces             4404/65536        8808/131072   ( 6.7%) 
leafbrushes            761/65536        1522/131072   ( 1.2%) 
areas                    3/256            24/2048     ( 1.2%) 
surfedges            34716/512000     138864/2048000  ( 6.8%) 
edges                17399/256000      69596/1024000  ( 6.8%) 
LDR worldlights          0/8192            0/720896   ( 0.0%) 
HDR worldlights          0/8192            0/720896   ( 0.0%) 
leafwaterdata            0/32768           0/393216   ( 0.0%) 
waterstrips              6/32768          60/327680   ( 0.0%) 
waterverts               0/65536           0/786432   ( 0.0%) 
waterindices            84/65536         168/131072   ( 0.1%) 
cubemapsamples           0/1024            0/16384    ( 0.0%) 
overlays                 0/512             0/180224   ( 0.0%) 
LDR lightdata         [variable]      831008/0        ( 0.0%) 
HDR lightdata         [variable]           0/0        ( 0.0%) 
visdata               [variable]         464/16777216 ( 0.0%) 
entdata               [variable]      373848/393216   (95.1%) VERY FULL!
LDR ambient table     5036/65536       20144/262144   ( 7.7%) 
HDR ambient table     5036/65536       20144/262144   ( 7.7%) 
LDR leaf ambient      4262/65536      119336/1835008  ( 6.5%) 
HDR leaf ambient      5036/65536      141008/1835008  ( 7.7%) 
occluders                0/0               0/0        ( 0.0%) 
occluder polygons        0/0               0/0        ( 0.0%) 
occluder vert ind        0/0               0/0        ( 0.0%) 
detail props          [variable]           1/12       ( 8.3%) 
static props          [variable]           1/12       ( 8.3%) 
pakfile               [variable]      105663/0        ( 0.0%) 
physics               [variable]      396437/4194304  ( 9.5%) 
physics terrain       [variable]           2/1048576  ( 0.0%) 

Level flags = 0

Total triangle count: 8832
Writing c:\program files (x86)\steam\steamapps\common\zombie panic source\zps_dig2.bsp
4 seconds elapsed
