PRT1
26
47
4 0 11 (3520 0 256 ) (3392 0 256 ) (3392 0 0 ) (3520 0 0 ) 
4 0 3 (3392 64 0 ) (3392 0 0 ) (3392 0 32 ) (3392 64 32 ) 
4 0 2 (3392 576 0 ) (3392 128 0 ) (3392 128 32 ) (3392 576 32 ) 
4 0 1 (3392 0 256 ) (3392 640 256 ) (3392 640 32 ) (3392 0 32 ) 
4 1 12 (3392 0 256 ) (3328 0 256 ) (3328 0 32 ) (3392 0 32 ) 
4 1 5 (3328 576 32 ) (3328 128 32 ) (3328 128 64 ) (3328 576 64 ) 
4 1 6 (3328 64 32 ) (3328 0 32 ) (3328 0 64 ) (3328 64 64 ) 
4 1 4 (3328 640 256 ) (3328 640 64 ) (3328 0 64 ) (3328 0 256 ) 
4 1 3 (3328 0 32 ) (3328 64 32 ) (3392 64 32 ) (3392 0 32 ) 
4 1 2 (3328 128 32 ) (3328 576 32 ) (3392 576 32 ) (3392 128 32 ) 
4 2 5 (3328 576 0 ) (3328 128 0 ) (3328 128 32 ) (3328 576 32 ) 
4 3 12 (3328 0 32 ) (3328 0 0 ) (3392 0 0 ) (3392 0 32 ) 
4 3 6 (3328 64 0 ) (3328 0 0 ) (3328 0 32 ) (3328 64 32 ) 
4 4 14 (3264 0 64 ) (3328 0 64 ) (3328 0 256 ) (3264 0 256 ) 
4 4 16 (3072 0 256 ) (3072 0 64 ) (3264 0 64 ) (3264 0 256 ) 
4 4 8 (3072 0 64 ) (3072 0 256 ) (3072 640 256 ) (3072 640 64 ) 
4 4 5 (3328 576 64 ) (3328 128 64 ) (3264 128 64 ) (3264 576 64 ) 
4 4 6 (3328 64 64 ) (3328 0 64 ) (3264 0 64 ) (3264 64 64 ) 
4 4 7 (3072 0 64 ) (3072 640 64 ) (3264 640 64 ) (3264 0 64 ) 
4 5 7 (3264 128 64 ) (3264 576 64 ) (3264 576 0 ) (3264 128 0 ) 
4 6 14 (3264 0 0 ) (3328 0 0 ) (3328 0 64 ) (3264 0 64 ) 
4 6 7 (3264 0 64 ) (3264 64 64 ) (3264 64 0 ) (3264 0 0 ) 
4 7 16 (3072 0 64 ) (3072 0 0 ) (3264 0 0 ) (3264 0 64 ) 
4 7 8 (3072 0 0 ) (3072 0 64 ) (3072 640 64 ) (3072 640 0 ) 
4 8 17 (3072 0 0 ) (3072 0 256 ) (2112 0 256 ) (2112 0 0 ) 
4 8 9 (2112 640 128 ) (2112 640 0 ) (2112 0 0 ) (2112 0 128 ) 
4 9 18 (2112 0 0 ) (2112 0 128 ) (2048 0 128 ) (2048 0 0 ) 
4 9 10 (2048 0 0 ) (2048 0 128 ) (2048 640 128 ) (2048 640 0 ) 
4 10 20 (1024 0 0 ) (1024 0 128 ) (1024 640 128 ) (1024 640 0 ) 
4 10 19 (2048 0 0 ) (2048 0 128 ) (1024 0 128 ) (1024 0 0 ) 
4 11 13 (3392 -384 32 ) (3392 -384 256 ) (3392 -320 256 ) (3392 -320 32 ) 
4 11 12 (3392 0 0 ) (3392 -320 0 ) (3392 -320 256 ) (3392 0 256 ) 
4 12 14 (3328 0 0 ) (3328 -320 0 ) (3328 -320 256 ) (3328 0 256 ) 
4 12 13 (3328 -320 256 ) (3328 -320 32 ) (3392 -320 32 ) (3392 -320 256 ) 
4 13 15 (3328 -384 64 ) (3328 -384 256 ) (3328 -320 256 ) (3328 -320 64 ) 
4 14 15 (3264 -320 256 ) (3264 -320 64 ) (3328 -320 64 ) (3328 -320 256 ) 
4 14 16 (3264 0 0 ) (3264 -320 0 ) (3264 -320 256 ) (3264 0 256 ) 
4 15 16 (3264 -384 64 ) (3264 -384 256 ) (3264 -320 256 ) (3264 -320 64 ) 
4 16 17 (3072 0 256 ) (3072 0 0 ) (3072 -384 0 ) (3072 -384 256 ) 
4 17 18 (2112 0 128 ) (2112 0 0 ) (2112 -384 0 ) (2112 -384 128 ) 
4 18 19 (2048 0 128 ) (2048 0 0 ) (2048 -384 0 ) (2048 -384 128 ) 
4 19 23 (1024 -384 0 ) (1024 -384 128 ) (1024 0 128 ) (1024 0 0 ) 
4 20 23 (1024 0 0 ) (1024 0 128 ) (64 0 128 ) (64 0 0 ) 
4 21 24 (-448 0 0 ) (-448 0 640 ) (-1024 0 640 ) (-1024 0 0 ) 
4 21 22 (-1024 0 0 ) (-1024 0 640 ) (-1024 384 640 ) (-1024 384 0 ) 
4 22 25 (-1024 0 0 ) (-1024 0 640 ) (-1600 0 640 ) (-1600 0 0 ) 
4 24 25 (-1024 0 640 ) (-1024 0 0 ) (-1024 -192 0 ) (-1024 -192 640 ) 
